  Black.cpp
  Board.cpp
  Go Game.cpp
E:\Visual\Programs\Go Game\Go Game.cpp(12,1): warning C4005: "ALLEGRO_STATICLINK": ponowna definicja makra
E:\Visual\Programs\Go Game\Go Game.cpp : message : zobacz poprzednią definicję „ALLEGRO_STATICLINK”
E:\Visual\Programs\Go Game\Go Game.cpp(24,29): warning C4356: „Stone::stone_type_white”: nie można zainicjować statycznej składowej danych za pośrednictwem pochodnej klasy
E:\Visual\Programs\Go Game\Go Game.cpp(25,29): warning C4356: „Stone::stone_type_black”: nie można zainicjować statycznej składowej danych za pośrednictwem pochodnej klasy
E:\Visual\Programs\Go Game\Go Game.cpp(147,32): warning C4101: "e": lokalna zmienna, do której nie istnieje odwołanie
  Stone.cpp
  White.cpp
  Trwa generowanie kodu
  3 of 304 functions ( 1.0%) were compiled, the rest were copied from previous compilation.
    1 functions were new in current compilation
    0 functions had inline decision re-evaluated but remain unchanged
  Zakończono generowanie kodu
allegro_monolith-static.lib(allegro.obj) : warning LNK4099: nie znaleziono pliku PDB „allegro_monolith.pdb” z elementem „allegro_monolith-static.lib(allegro.obj)” lub w pozycji „E:\Visual\Programs\Go Game\Release\allegro_monolith.pdb”; obiekt zostanie skonsolidowany bez informacji debugowania
allegro_monolith-static.lib(bitmap.obj) : warning LNK4099: nie znaleziono pliku PDB „allegro_monolith.pdb” z elementem „allegro_monolith-static.lib(bitmap.obj)” lub w pozycji „E:\Visual\Programs\Go Game\Release\allegro_monolith.pdb”; obiekt zostanie skonsolidowany bez informacji debugowania
allegro_monolith-static.lib(bitmap_draw.obj) : warning LNK4099: nie znaleziono pliku PDB „allegro_monolith.pdb” z elementem „allegro_monolith-static.lib(bitmap_draw.obj)” lub w pozycji „E:\Visual\Programs\Go Game\Release\allegro_monolith.pdb”; obiekt zostanie skonsolidowany bez informacji debugowania
allegro_monolith-static.lib(bitmap_io.obj) : warning LNK4099: nie znaleziono pliku PDB „allegro_monolith.pdb” z elementem „allegro_monolith-static.lib(bitmap_io.obj)” lub w pozycji „E:\Visual\Programs\Go Game\Release\allegro_monolith.pdb”; obiekt zostanie skonsolidowany bez informacji debugowania
allegro_monolith-static.lib(bitmap_lock.obj) : warning LNK4099: nie znaleziono pliku PDB „allegro_monolith.pdb” z elementem „allegro_monolith-static.lib(bitmap_lock.obj)” lub w pozycji „E:\Visual\Programs\Go Game\Release\allegro_monolith.pdb”; obiekt zostanie skonsolidowany bez informacji debugowania
allegro_monolith-static.lib(bitmap_pixel.obj) : warning LNK4099: nie znaleziono pliku PDB „allegro_monolith.pdb” z elementem „allegro_monolith-static.lib(bitmap_pixel.obj)” lub w pozycji „E:\Visual\Programs\Go Game\Release\allegro_monolith.pdb”; obiekt zostanie skonsolidowany bez informacji debugowania
allegro_monolith-static.lib(bitmap_type.obj) : warning LNK4099: nie znaleziono pliku PDB „allegro_monolith.pdb” z elementem „allegro_monolith-static.lib(bitmap_type.obj)” lub w pozycji „E:\Visual\Programs\Go Game\Release\allegro_monolith.pdb”; obiekt zostanie skonsolidowany bez informacji debugowania
allegro_monolith-static.lib(blenders.obj) : warning LNK4099: nie znaleziono pliku PDB „allegro_monolith.pdb” z elementem „allegro_monolith-static.lib(blenders.obj)” lub w pozycji „E:\Visual\Programs\Go Game\Release\allegro_monolith.pdb”; obiekt zostanie skonsolidowany bez informacji debugowania
allegro_monolith-static.lib(config.obj) : warning LNK4099: nie znaleziono pliku PDB „allegro_monolith.pdb” z elementem „allegro_monolith-static.lib(config.obj)” lub w pozycji „E:\Visual\Programs\Go Game\Release\allegro_monolith.pdb”; obiekt zostanie skonsolidowany bez informacji debugowania
allegro_monolith-static.lib(convert.obj) : warning LNK4099: nie znaleziono pliku PDB „” z elementem „allegro_monolith-static.lib(convert.obj)” lub w pozycji „”; obiekt zostanie skonsolidowany bez informacji debugowania
allegro_monolith-static.lib(debug.obj) : warning LNK4099: nie znaleziono pliku PDB „allegro_monolith.pdb” z elementem „allegro_monolith-static.lib(debug.obj)” lub w pozycji „E:\Visual\Programs\Go Game\Release\allegro_monolith.pdb”; obiekt zostanie skonsolidowany bez informacji debugowania
allegro_monolith-static.lib(display.obj) : warning LNK4099: nie znaleziono pliku PDB „allegro_monolith.pdb” z elementem „allegro_monolith-static.lib(display.obj)” lub w pozycji „E:\Visual\Programs\Go Game\Release\allegro_monolith.pdb”; obiekt zostanie skonsolidowany bez informacji debugowania
allegro_monolith-static.lib(display_settings.obj) : warning LNK4099: nie znaleziono pliku PDB „allegro_monolith.pdb” z elementem „allegro_monolith-static.lib(display_settings.obj)” lub w pozycji „E:\Visual\Programs\Go Game\Release\allegro_monolith.pdb”; obiekt zostanie skonsolidowany bez informacji debugowania
allegro_monolith-static.lib(drawing.obj) : warning LNK4099: nie znaleziono pliku PDB „allegro_monolith.pdb” z elementem „allegro_monolith-static.lib(drawing.obj)” lub w pozycji „E:\Visual\Programs\Go Game\Release\allegro_monolith.pdb”; obiekt zostanie skonsolidowany bez informacji debugowania
allegro_monolith-static.lib(dtor.obj) : warning LNK4099: nie znaleziono pliku PDB „allegro_monolith.pdb” z elementem „allegro_monolith-static.lib(dtor.obj)” lub w pozycji „E:\Visual\Programs\Go Game\Release\allegro_monolith.pdb”; obiekt zostanie skonsolidowany bez informacji debugowania
allegro_monolith-static.lib(events.obj) : warning LNK4099: nie znaleziono pliku PDB „allegro_monolith.pdb” z elementem „allegro_monolith-static.lib(events.obj)” lub w pozycji „E:\Visual\Programs\Go Game\Release\allegro_monolith.pdb”; obiekt zostanie skonsolidowany bez informacji debugowania
allegro_monolith-static.lib(evtsrc.obj) : warning LNK4099: nie znaleziono pliku PDB „allegro_monolith.pdb” z elementem „allegro_monolith-static.lib(evtsrc.obj)” lub w pozycji „E:\Visual\Programs\Go Game\Release\allegro_monolith.pdb”; obiekt zostanie skonsolidowany bez informacji debugowania
allegro_monolith-static.lib(exitfunc.obj) : warning LNK4099: nie znaleziono pliku PDB „allegro_monolith.pdb” z elementem „allegro_monolith-static.lib(exitfunc.obj)” lub w pozycji „E:\Visual\Programs\Go Game\Release\allegro_monolith.pdb”; obiekt zostanie skonsolidowany bez informacji debugowania
allegro_monolith-static.lib(file.obj) : warning LNK4099: nie znaleziono pliku PDB „allegro_monolith.pdb” z elementem „allegro_monolith-static.lib(file.obj)” lub w pozycji „E:\Visual\Programs\Go Game\Release\allegro_monolith.pdb”; obiekt zostanie skonsolidowany bez informacji debugowania
allegro_monolith-static.lib(file_stdio.obj) : warning LNK4099: nie znaleziono pliku PDB „” z elementem „allegro_monolith-static.lib(file_stdio.obj)” lub w pozycji „”; obiekt zostanie skonsolidowany bez informacji debugowania
allegro_monolith-static.lib(fshook.obj) : warning LNK4099: nie znaleziono pliku PDB „” z elementem „allegro_monolith-static.lib(fshook.obj)” lub w pozycji „”; obiekt zostanie skonsolidowany bez informacji debugowania
allegro_monolith-static.lib(fshook_stdio.obj) : warning LNK4099: nie znaleziono pliku PDB „allegro_monolith.pdb” z elementem „allegro_monolith-static.lib(fshook_stdio.obj)” lub w pozycji „E:\Visual\Programs\Go Game\Release\allegro_monolith.pdb”; obiekt zostanie skonsolidowany bez informacji debugowania
allegro_monolith-static.lib(fullscreen_mode.obj) : warning LNK4099: nie znaleziono pliku PDB „allegro_monolith.pdb” z elementem „allegro_monolith-static.lib(fullscreen_mode.obj)” lub w pozycji „E:\Visual\Programs\Go Game\Release\allegro_monolith.pdb”; obiekt zostanie skonsolidowany bez informacji debugowania
allegro_monolith-static.lib(haptic.obj) : warning LNK4099: nie znaleziono pliku PDB „allegro_monolith.pdb” z elementem „allegro_monolith-static.lib(haptic.obj)” lub w pozycji „E:\Visual\Programs\Go Game\Release\allegro_monolith.pdb”; obiekt zostanie skonsolidowany bez informacji debugowania
allegro_monolith-static.lib(joynu.obj) : warning LNK4099: nie znaleziono pliku PDB „allegro_monolith.pdb” z elementem „allegro_monolith-static.lib(joynu.obj)” lub w pozycji „E:\Visual\Programs\Go Game\Release\allegro_monolith.pdb”; obiekt zostanie skonsolidowany bez informacji debugowania
allegro_monolith-static.lib(keybdnu.obj) : warning LNK4099: nie znaleziono pliku PDB „allegro_monolith.pdb” z elementem „allegro_monolith-static.lib(keybdnu.obj)” lub w pozycji „E:\Visual\Programs\Go Game\Release\allegro_monolith.pdb”; obiekt zostanie skonsolidowany bez informacji debugowania
allegro_monolith-static.lib(libc.obj) : warning LNK4099: nie znaleziono pliku PDB „allegro_monolith.pdb” z elementem „allegro_monolith-static.lib(libc.obj)” lub w pozycji „E:\Visual\Programs\Go Game\Release\allegro_monolith.pdb”; obiekt zostanie skonsolidowany bez informacji debugowania
allegro_monolith-static.lib(memblit.obj) : warning LNK4099: nie znaleziono pliku PDB „” z elementem „allegro_monolith-static.lib(memblit.obj)” lub w pozycji „”; obiekt zostanie skonsolidowany bez informacji debugowania
allegro_monolith-static.lib(memdraw.obj) : warning LNK4099: nie znaleziono pliku PDB „allegro_monolith.pdb” z elementem „allegro_monolith-static.lib(memdraw.obj)” lub w pozycji „E:\Visual\Programs\Go Game\Release\allegro_monolith.pdb”; obiekt zostanie skonsolidowany bez informacji debugowania
allegro_monolith-static.lib(memory.obj) : warning LNK4099: nie znaleziono pliku PDB „allegro_monolith.pdb” z elementem „allegro_monolith-static.lib(memory.obj)” lub w pozycji „E:\Visual\Programs\Go Game\Release\allegro_monolith.pdb”; obiekt zostanie skonsolidowany bez informacji debugowania
allegro_monolith-static.lib(monitor.obj) : warning LNK4099: nie znaleziono pliku PDB „allegro_monolith.pdb” z elementem „allegro_monolith-static.lib(monitor.obj)” lub w pozycji „E:\Visual\Programs\Go Game\Release\allegro_monolith.pdb”; obiekt zostanie skonsolidowany bez informacji debugowania
allegro_monolith-static.lib(mousenu.obj) : warning LNK4099: nie znaleziono pliku PDB „allegro_monolith.pdb” z elementem „allegro_monolith-static.lib(mousenu.obj)” lub w pozycji „E:\Visual\Programs\Go Game\Release\allegro_monolith.pdb”; obiekt zostanie skonsolidowany bez informacji debugowania
allegro_monolith-static.lib(path.obj) : warning LNK4099: nie znaleziono pliku PDB „allegro_monolith.pdb” z elementem „allegro_monolith-static.lib(path.obj)” lub w pozycji „E:\Visual\Programs\Go Game\Release\allegro_monolith.pdb”; obiekt zostanie skonsolidowany bez informacji debugowania
allegro_monolith-static.lib(pixels.obj) : warning LNK4099: nie znaleziono pliku PDB „allegro_monolith.pdb” z elementem „allegro_monolith-static.lib(pixels.obj)” lub w pozycji „E:\Visual\Programs\Go Game\Release\allegro_monolith.pdb”; obiekt zostanie skonsolidowany bez informacji debugowania
allegro_monolith-static.lib(shader.obj) : warning LNK4099: nie znaleziono pliku PDB „allegro_monolith.pdb” z elementem „allegro_monolith-static.lib(shader.obj)” lub w pozycji „E:\Visual\Programs\Go Game\Release\allegro_monolith.pdb”; obiekt zostanie skonsolidowany bez informacji debugowania
allegro_monolith-static.lib(system.obj) : warning LNK4099: nie znaleziono pliku PDB „allegro_monolith.pdb” z elementem „allegro_monolith-static.lib(system.obj)” lub w pozycji „E:\Visual\Programs\Go Game\Release\allegro_monolith.pdb”; obiekt zostanie skonsolidowany bez informacji debugowania
allegro_monolith-static.lib(threads.obj) : warning LNK4099: nie znaleziono pliku PDB „allegro_monolith.pdb” z elementem „allegro_monolith-static.lib(threads.obj)” lub w pozycji „E:\Visual\Programs\Go Game\Release\allegro_monolith.pdb”; obiekt zostanie skonsolidowany bez informacji debugowania
allegro_monolith-static.lib(timernu.obj) : warning LNK4099: nie znaleziono pliku PDB „allegro_monolith.pdb” z elementem „allegro_monolith-static.lib(timernu.obj)” lub w pozycji „E:\Visual\Programs\Go Game\Release\allegro_monolith.pdb”; obiekt zostanie skonsolidowany bez informacji debugowania
allegro_monolith-static.lib(tls.obj) : warning LNK4099: nie znaleziono pliku PDB „allegro_monolith.pdb” z elementem „allegro_monolith-static.lib(tls.obj)” lub w pozycji „E:\Visual\Programs\Go Game\Release\allegro_monolith.pdb”; obiekt zostanie skonsolidowany bez informacji debugowania
allegro_monolith-static.lib(touch_input.obj) : warning LNK4099: nie znaleziono pliku PDB „allegro_monolith.pdb” z elementem „allegro_monolith-static.lib(touch_input.obj)” lub w pozycji „E:\Visual\Programs\Go Game\Release\allegro_monolith.pdb”; obiekt zostanie skonsolidowany bez informacji debugowania
allegro_monolith-static.lib(transformations.obj) : warning LNK4099: nie znaleziono pliku PDB „allegro_monolith.pdb” z elementem „allegro_monolith-static.lib(transformations.obj)” lub w pozycji „E:\Visual\Programs\Go Game\Release\allegro_monolith.pdb”; obiekt zostanie skonsolidowany bez informacji debugowania
allegro_monolith-static.lib(tri_soft.obj) : warning LNK4099: nie znaleziono pliku PDB „allegro_monolith.pdb” z elementem „allegro_monolith-static.lib(tri_soft.obj)” lub w pozycji „E:\Visual\Programs\Go Game\Release\allegro_monolith.pdb”; obiekt zostanie skonsolidowany bez informacji debugowania
allegro_monolith-static.lib(utf8.obj) : warning LNK4099: nie znaleziono pliku PDB „allegro_monolith.pdb” z elementem „allegro_monolith-static.lib(utf8.obj)” lub w pozycji „E:\Visual\Programs\Go Game\Release\allegro_monolith.pdb”; obiekt zostanie skonsolidowany bez informacji debugowania
allegro_monolith-static.lib(aatree.obj) : warning LNK4099: nie znaleziono pliku PDB „allegro_monolith.pdb” z elementem „allegro_monolith-static.lib(aatree.obj)” lub w pozycji „E:\Visual\Programs\Go Game\Release\allegro_monolith.pdb”; obiekt zostanie skonsolidowany bez informacji debugowania
allegro_monolith-static.lib(bstrlib.obj) : warning LNK4099: nie znaleziono pliku PDB „allegro_monolith.pdb” z elementem „allegro_monolith-static.lib(bstrlib.obj)” lub w pozycji „E:\Visual\Programs\Go Game\Release\allegro_monolith.pdb”; obiekt zostanie skonsolidowany bez informacji debugowania
allegro_monolith-static.lib(list.obj) : warning LNK4099: nie znaleziono pliku PDB „” z elementem „allegro_monolith-static.lib(list.obj)” lub w pozycji „”; obiekt zostanie skonsolidowany bez informacji debugowania
allegro_monolith-static.lib(vector.obj) : warning LNK4099: nie znaleziono pliku PDB „allegro_monolith.pdb” z elementem „allegro_monolith-static.lib(vector.obj)” lub w pozycji „E:\Visual\Programs\Go Game\Release\allegro_monolith.pdb”; obiekt zostanie skonsolidowany bez informacji debugowania
allegro_monolith-static.lib(wclipboard.obj) : warning LNK4099: nie znaleziono pliku PDB „allegro_monolith.pdb” z elementem „allegro_monolith-static.lib(wclipboard.obj)” lub w pozycji „E:\Visual\Programs\Go Game\Release\allegro_monolith.pdb”; obiekt zostanie skonsolidowany bez informacji debugowania
allegro_monolith-static.lib(whapall.obj) : warning LNK4099: nie znaleziono pliku PDB „allegro_monolith.pdb” z elementem „allegro_monolith-static.lib(whapall.obj)” lub w pozycji „E:\Visual\Programs\Go Game\Release\allegro_monolith.pdb”; obiekt zostanie skonsolidowany bez informacji debugowania
allegro_monolith-static.lib(whaptic.obj) : warning LNK4099: nie znaleziono pliku PDB „allegro_monolith.pdb” z elementem „allegro_monolith-static.lib(whaptic.obj)” lub w pozycji „E:\Visual\Programs\Go Game\Release\allegro_monolith.pdb”; obiekt zostanie skonsolidowany bez informacji debugowania
allegro_monolith-static.lib(whapxi.obj) : warning LNK4099: nie znaleziono pliku PDB „” z elementem „allegro_monolith-static.lib(whapxi.obj)” lub w pozycji „”; obiekt zostanie skonsolidowany bez informacji debugowania
allegro_monolith-static.lib(wjoyall.obj) : warning LNK4099: nie znaleziono pliku PDB „allegro_monolith.pdb” z elementem „allegro_monolith-static.lib(wjoyall.obj)” lub w pozycji „E:\Visual\Programs\Go Game\Release\allegro_monolith.pdb”; obiekt zostanie skonsolidowany bez informacji debugowania
allegro_monolith-static.lib(wjoydxnu.obj) : warning LNK4099: nie znaleziono pliku PDB „allegro_monolith.pdb” z elementem „allegro_monolith-static.lib(wjoydxnu.obj)” lub w pozycji „E:\Visual\Programs\Go Game\Release\allegro_monolith.pdb”; obiekt zostanie skonsolidowany bez informacji debugowania
allegro_monolith-static.lib(wjoyxi.obj) : warning LNK4099: nie znaleziono pliku PDB „allegro_monolith.pdb” z elementem „allegro_monolith-static.lib(wjoyxi.obj)” lub w pozycji „E:\Visual\Programs\Go Game\Release\allegro_monolith.pdb”; obiekt zostanie skonsolidowany bez informacji debugowania
allegro_monolith-static.lib(wkeyboard.obj) : warning LNK4099: nie znaleziono pliku PDB „allegro_monolith.pdb” z elementem „allegro_monolith-static.lib(wkeyboard.obj)” lub w pozycji „E:\Visual\Programs\Go Game\Release\allegro_monolith.pdb”; obiekt zostanie skonsolidowany bez informacji debugowania
allegro_monolith-static.lib(wmcursor.obj) : warning LNK4099: nie znaleziono pliku PDB „” z elementem „allegro_monolith-static.lib(wmcursor.obj)” lub w pozycji „”; obiekt zostanie skonsolidowany bez informacji debugowania
allegro_monolith-static.lib(wmouse.obj) : warning LNK4099: nie znaleziono pliku PDB „allegro_monolith.pdb” z elementem „allegro_monolith-static.lib(wmouse.obj)” lub w pozycji „E:\Visual\Programs\Go Game\Release\allegro_monolith.pdb”; obiekt zostanie skonsolidowany bez informacji debugowania
allegro_monolith-static.lib(wsystem.obj) : warning LNK4099: nie znaleziono pliku PDB „allegro_monolith.pdb” z elementem „allegro_monolith-static.lib(wsystem.obj)” lub w pozycji „E:\Visual\Programs\Go Game\Release\allegro_monolith.pdb”; obiekt zostanie skonsolidowany bez informacji debugowania
allegro_monolith-static.lib(wthread.obj) : warning LNK4099: nie znaleziono pliku PDB „allegro_monolith.pdb” z elementem „allegro_monolith-static.lib(wthread.obj)” lub w pozycji „E:\Visual\Programs\Go Game\Release\allegro_monolith.pdb”; obiekt zostanie skonsolidowany bez informacji debugowania
allegro_monolith-static.lib(wtime.obj) : warning LNK4099: nie znaleziono pliku PDB „allegro_monolith.pdb” z elementem „allegro_monolith-static.lib(wtime.obj)” lub w pozycji „E:\Visual\Programs\Go Game\Release\allegro_monolith.pdb”; obiekt zostanie skonsolidowany bez informacji debugowania
allegro_monolith-static.lib(wtouch_input.obj) : warning LNK4099: nie znaleziono pliku PDB „allegro_monolith.pdb” z elementem „allegro_monolith-static.lib(wtouch_input.obj)” lub w pozycji „E:\Visual\Programs\Go Game\Release\allegro_monolith.pdb”; obiekt zostanie skonsolidowany bez informacji debugowania
allegro_monolith-static.lib(wunicode.obj) : warning LNK4099: nie znaleziono pliku PDB „allegro_monolith.pdb” z elementem „allegro_monolith-static.lib(wunicode.obj)” lub w pozycji „E:\Visual\Programs\Go Game\Release\allegro_monolith.pdb”; obiekt zostanie skonsolidowany bez informacji debugowania
allegro_monolith-static.lib(wwindow.obj) : warning LNK4099: nie znaleziono pliku PDB „allegro_monolith.pdb” z elementem „allegro_monolith-static.lib(wwindow.obj)” lub w pozycji „E:\Visual\Programs\Go Game\Release\allegro_monolith.pdb”; obiekt zostanie skonsolidowany bez informacji debugowania
allegro_monolith-static.lib(wxthread.obj) : warning LNK4099: nie znaleziono pliku PDB „allegro_monolith.pdb” z elementem „allegro_monolith-static.lib(wxthread.obj)” lub w pozycji „E:\Visual\Programs\Go Game\Release\allegro_monolith.pdb”; obiekt zostanie skonsolidowany bez informacji debugowania
allegro_monolith-static.lib(d3d_bmp.obj) : warning LNK4099: nie znaleziono pliku PDB „allegro_monolith.pdb” z elementem „allegro_monolith-static.lib(d3d_bmp.obj)” lub w pozycji „E:\Visual\Programs\Go Game\Release\allegro_monolith.pdb”; obiekt zostanie skonsolidowany bez informacji debugowania
allegro_monolith-static.lib(d3d_disp.obj) : warning LNK4099: nie znaleziono pliku PDB „allegro_monolith.pdb” z elementem „allegro_monolith-static.lib(d3d_disp.obj)” lub w pozycji „E:\Visual\Programs\Go Game\Release\allegro_monolith.pdb”; obiekt zostanie skonsolidowany bez informacji debugowania
allegro_monolith-static.lib(d3d_display_formats.obj) : warning LNK4099: nie znaleziono pliku PDB „allegro_monolith.pdb” z elementem „allegro_monolith-static.lib(d3d_display_formats.obj)” lub w pozycji „E:\Visual\Programs\Go Game\Release\allegro_monolith.pdb”; obiekt zostanie skonsolidowany bez informacji debugowania
allegro_monolith-static.lib(d3d_render_state.obj) : warning LNK4099: nie znaleziono pliku PDB „allegro_monolith.pdb” z elementem „allegro_monolith-static.lib(d3d_render_state.obj)” lub w pozycji „E:\Visual\Programs\Go Game\Release\allegro_monolith.pdb”; obiekt zostanie skonsolidowany bez informacji debugowania
allegro_monolith-static.lib(d3d_shader.obj) : warning LNK4099: nie znaleziono pliku PDB „” z elementem „allegro_monolith-static.lib(d3d_shader.obj)” lub w pozycji „”; obiekt zostanie skonsolidowany bez informacji debugowania
allegro_monolith-static.lib(d3d_d3dx9.obj) : warning LNK4099: nie znaleziono pliku PDB „” z elementem „allegro_monolith-static.lib(d3d_d3dx9.obj)” lub w pozycji „”; obiekt zostanie skonsolidowany bez informacji debugowania
allegro_monolith-static.lib(extensions.obj) : warning LNK4099: nie znaleziono pliku PDB „allegro_monolith.pdb” z elementem „allegro_monolith-static.lib(extensions.obj)” lub w pozycji „E:\Visual\Programs\Go Game\Release\allegro_monolith.pdb”; obiekt zostanie skonsolidowany bez informacji debugowania
allegro_monolith-static.lib(ogl_bitmap.obj) : warning LNK4099: nie znaleziono pliku PDB „allegro_monolith.pdb” z elementem „allegro_monolith-static.lib(ogl_bitmap.obj)” lub w pozycji „E:\Visual\Programs\Go Game\Release\allegro_monolith.pdb”; obiekt zostanie skonsolidowany bez informacji debugowania
allegro_monolith-static.lib(ogl_display.obj) : warning LNK4099: nie znaleziono pliku PDB „” z elementem „allegro_monolith-static.lib(ogl_display.obj)” lub w pozycji „”; obiekt zostanie skonsolidowany bez informacji debugowania
allegro_monolith-static.lib(ogl_draw.obj) : warning LNK4099: nie znaleziono pliku PDB „allegro_monolith.pdb” z elementem „allegro_monolith-static.lib(ogl_draw.obj)” lub w pozycji „E:\Visual\Programs\Go Game\Release\allegro_monolith.pdb”; obiekt zostanie skonsolidowany bez informacji debugowania
allegro_monolith-static.lib(ogl_fbo.obj) : warning LNK4099: nie znaleziono pliku PDB „allegro_monolith.pdb” z elementem „allegro_monolith-static.lib(ogl_fbo.obj)” lub w pozycji „E:\Visual\Programs\Go Game\Release\allegro_monolith.pdb”; obiekt zostanie skonsolidowany bez informacji debugowania
allegro_monolith-static.lib(ogl_lock.obj) : warning LNK4099: nie znaleziono pliku PDB „allegro_monolith.pdb” z elementem „allegro_monolith-static.lib(ogl_lock.obj)” lub w pozycji „E:\Visual\Programs\Go Game\Release\allegro_monolith.pdb”; obiekt zostanie skonsolidowany bez informacji debugowania
allegro_monolith-static.lib(ogl_render_state.obj) : warning LNK4099: nie znaleziono pliku PDB „allegro_monolith.pdb” z elementem „allegro_monolith-static.lib(ogl_render_state.obj)” lub w pozycji „E:\Visual\Programs\Go Game\Release\allegro_monolith.pdb”; obiekt zostanie skonsolidowany bez informacji debugowania
allegro_monolith-static.lib(ogl_shader.obj) : warning LNK4099: nie znaleziono pliku PDB „allegro_monolith.pdb” z elementem „allegro_monolith-static.lib(ogl_shader.obj)” lub w pozycji „E:\Visual\Programs\Go Game\Release\allegro_monolith.pdb”; obiekt zostanie skonsolidowany bez informacji debugowania
allegro_monolith-static.lib(wgl_disp.obj) : warning LNK4099: nie znaleziono pliku PDB „allegro_monolith.pdb” z elementem „allegro_monolith-static.lib(wgl_disp.obj)” lub w pozycji „E:\Visual\Programs\Go Game\Release\allegro_monolith.pdb”; obiekt zostanie skonsolidowany bez informacji debugowania
allegro_monolith-static.lib(high_primitives.obj) : warning LNK4099: nie znaleziono pliku PDB „allegro_monolith.pdb” z elementem „allegro_monolith-static.lib(high_primitives.obj)” lub w pozycji „E:\Visual\Programs\Go Game\Release\allegro_monolith.pdb”; obiekt zostanie skonsolidowany bez informacji debugowania
allegro_monolith-static.lib(line_soft.obj) : warning LNK4099: nie znaleziono pliku PDB „allegro_monolith.pdb” z elementem „allegro_monolith-static.lib(line_soft.obj)” lub w pozycji „E:\Visual\Programs\Go Game\Release\allegro_monolith.pdb”; obiekt zostanie skonsolidowany bez informacji debugowania
allegro_monolith-static.lib(point_soft.obj) : warning LNK4099: nie znaleziono pliku PDB „allegro_monolith.pdb” z elementem „allegro_monolith-static.lib(point_soft.obj)” lub w pozycji „E:\Visual\Programs\Go Game\Release\allegro_monolith.pdb”; obiekt zostanie skonsolidowany bez informacji debugowania
allegro_monolith-static.lib(prim_directx.obj) : warning LNK4099: nie znaleziono pliku PDB „allegro_monolith.pdb” z elementem „allegro_monolith-static.lib(prim_directx.obj)” lub w pozycji „E:\Visual\Programs\Go Game\Release\allegro_monolith.pdb”; obiekt zostanie skonsolidowany bez informacji debugowania
allegro_monolith-static.lib(prim_opengl.obj) : warning LNK4099: nie znaleziono pliku PDB „allegro_monolith.pdb” z elementem „allegro_monolith-static.lib(prim_opengl.obj)” lub w pozycji „E:\Visual\Programs\Go Game\Release\allegro_monolith.pdb”; obiekt zostanie skonsolidowany bez informacji debugowania
allegro_monolith-static.lib(prim_soft.obj) : warning LNK4099: nie znaleziono pliku PDB „allegro_monolith.pdb” z elementem „allegro_monolith-static.lib(prim_soft.obj)” lub w pozycji „E:\Visual\Programs\Go Game\Release\allegro_monolith.pdb”; obiekt zostanie skonsolidowany bez informacji debugowania
allegro_monolith-static.lib(primitives.obj) : warning LNK4099: nie znaleziono pliku PDB „allegro_monolith.pdb” z elementem „allegro_monolith-static.lib(primitives.obj)” lub w pozycji „E:\Visual\Programs\Go Game\Release\allegro_monolith.pdb”; obiekt zostanie skonsolidowany bez informacji debugowania
allegro_monolith-static.lib(directx_shaders.obj) : warning LNK4099: nie znaleziono pliku PDB „allegro_monolith.pdb” z elementem „allegro_monolith-static.lib(directx_shaders.obj)” lub w pozycji „E:\Visual\Programs\Go Game\Release\allegro_monolith.pdb”; obiekt zostanie skonsolidowany bez informacji debugowania
allegro_monolith-static.lib(bmp.obj) : warning LNK4099: nie znaleziono pliku PDB „allegro_monolith.pdb” z elementem „allegro_monolith-static.lib(bmp.obj)” lub w pozycji „E:\Visual\Programs\Go Game\Release\allegro_monolith.pdb”; obiekt zostanie skonsolidowany bez informacji debugowania
allegro_monolith-static.lib(iio.obj) : warning LNK4099: nie znaleziono pliku PDB „” z elementem „allegro_monolith-static.lib(iio.obj)” lub w pozycji „”; obiekt zostanie skonsolidowany bez informacji debugowania
allegro_monolith-static.lib(pcx.obj) : warning LNK4099: nie znaleziono pliku PDB „allegro_monolith.pdb” z elementem „allegro_monolith-static.lib(pcx.obj)” lub w pozycji „E:\Visual\Programs\Go Game\Release\allegro_monolith.pdb”; obiekt zostanie skonsolidowany bez informacji debugowania
allegro_monolith-static.lib(tga.obj) : warning LNK4099: nie znaleziono pliku PDB „allegro_monolith.pdb” z elementem „allegro_monolith-static.lib(tga.obj)” lub w pozycji „E:\Visual\Programs\Go Game\Release\allegro_monolith.pdb”; obiekt zostanie skonsolidowany bez informacji debugowania
allegro_monolith-static.lib(dds.obj) : warning LNK4099: nie znaleziono pliku PDB „allegro_monolith.pdb” z elementem „allegro_monolith-static.lib(dds.obj)” lub w pozycji „E:\Visual\Programs\Go Game\Release\allegro_monolith.pdb”; obiekt zostanie skonsolidowany bez informacji debugowania
allegro_monolith-static.lib(identify.obj) : warning LNK4099: nie znaleziono pliku PDB „allegro_monolith.pdb” z elementem „allegro_monolith-static.lib(identify.obj)” lub w pozycji „E:\Visual\Programs\Go Game\Release\allegro_monolith.pdb”; obiekt zostanie skonsolidowany bez informacji debugowania
allegro_monolith-static.lib(png.obj) : warning LNK4099: nie znaleziono pliku PDB „” z elementem „allegro_monolith-static.lib(png.obj)” lub w pozycji „”; obiekt zostanie skonsolidowany bez informacji debugowania
allegro_monolith-static.lib(jpg.obj) : warning LNK4099: nie znaleziono pliku PDB „allegro_monolith.pdb” z elementem „allegro_monolith-static.lib(jpg.obj)” lub w pozycji „E:\Visual\Programs\Go Game\Release\allegro_monolith.pdb”; obiekt zostanie skonsolidowany bez informacji debugowania
allegro_monolith-static.lib(webp.obj) : warning LNK4099: nie znaleziono pliku PDB „allegro_monolith.pdb” z elementem „allegro_monolith-static.lib(webp.obj)” lub w pozycji „E:\Visual\Programs\Go Game\Release\allegro_monolith.pdb”; obiekt zostanie skonsolidowany bez informacji debugowania
allegro_monolith-static.lib(font.obj) : warning LNK4099: nie znaleziono pliku PDB „allegro_monolith.pdb” z elementem „allegro_monolith-static.lib(font.obj)” lub w pozycji „E:\Visual\Programs\Go Game\Release\allegro_monolith.pdb”; obiekt zostanie skonsolidowany bez informacji debugowania
allegro_monolith-static.lib(fontbmp.obj) : warning LNK4099: nie znaleziono pliku PDB „allegro_monolith.pdb” z elementem „allegro_monolith-static.lib(fontbmp.obj)” lub w pozycji „E:\Visual\Programs\Go Game\Release\allegro_monolith.pdb”; obiekt zostanie skonsolidowany bez informacji debugowania
allegro_monolith-static.lib(stdfont.obj) : warning LNK4099: nie znaleziono pliku PDB „” z elementem „allegro_monolith-static.lib(stdfont.obj)” lub w pozycji „”; obiekt zostanie skonsolidowany bez informacji debugowania
allegro_monolith-static.lib(text.obj) : warning LNK4099: nie znaleziono pliku PDB „allegro_monolith.pdb” z elementem „allegro_monolith-static.lib(text.obj)” lub w pozycji „E:\Visual\Programs\Go Game\Release\allegro_monolith.pdb”; obiekt zostanie skonsolidowany bez informacji debugowania
allegro_monolith-static.lib(bmfont.obj) : warning LNK4099: nie znaleziono pliku PDB „allegro_monolith.pdb” z elementem „allegro_monolith-static.lib(bmfont.obj)” lub w pozycji „E:\Visual\Programs\Go Game\Release\allegro_monolith.pdb”; obiekt zostanie skonsolidowany bez informacji debugowania
allegro_monolith-static.lib(xml.obj) : warning LNK4099: nie znaleziono pliku PDB „allegro_monolith.pdb” z elementem „allegro_monolith-static.lib(xml.obj)” lub w pozycji „E:\Visual\Programs\Go Game\Release\allegro_monolith.pdb”; obiekt zostanie skonsolidowany bez informacji debugowania
allegro_monolith-static.lib(ttf.obj) : warning LNK4099: nie znaleziono pliku PDB „allegro_monolith.pdb” z elementem „allegro_monolith-static.lib(ttf.obj)” lub w pozycji „E:\Visual\Programs\Go Game\Release\allegro_monolith.pdb”; obiekt zostanie skonsolidowany bez informacji debugowania
allegro_monolith-static.lib(dialog.obj) : warning LNK4099: nie znaleziono pliku PDB „allegro_monolith.pdb” z elementem „allegro_monolith-static.lib(dialog.obj)” lub w pozycji „E:\Visual\Programs\Go Game\Release\allegro_monolith.pdb”; obiekt zostanie skonsolidowany bez informacji debugowania
allegro_monolith-static.lib(menu.obj) : warning LNK4099: nie znaleziono pliku PDB „allegro_monolith.pdb” z elementem „allegro_monolith-static.lib(menu.obj)” lub w pozycji „E:\Visual\Programs\Go Game\Release\allegro_monolith.pdb”; obiekt zostanie skonsolidowany bez informacji debugowania
allegro_monolith-static.lib(win_dialog.obj) : warning LNK4099: nie znaleziono pliku PDB „allegro_monolith.pdb” z elementem „allegro_monolith-static.lib(win_dialog.obj)” lub w pozycji „E:\Visual\Programs\Go Game\Release\allegro_monolith.pdb”; obiekt zostanie skonsolidowany bez informacji debugowania
jpeg.lib(jcapimin.obj) : warning LNK4099: nie znaleziono pliku PDB „jpeg-static.pdb” z elementem „jpeg.lib(jcapimin.obj)” lub w pozycji „E:\Visual\Programs\Go Game\Release\jpeg-static.pdb”; obiekt zostanie skonsolidowany bez informacji debugowania
jpeg.lib(jcapistd.obj) : warning LNK4099: nie znaleziono pliku PDB „jpeg-static.pdb” z elementem „jpeg.lib(jcapistd.obj)” lub w pozycji „E:\Visual\Programs\Go Game\Release\jpeg-static.pdb”; obiekt zostanie skonsolidowany bez informacji debugowania
jpeg.lib(jccoefct.obj) : warning LNK4099: nie znaleziono pliku PDB „jpeg-static.pdb” z elementem „jpeg.lib(jccoefct.obj)” lub w pozycji „E:\Visual\Programs\Go Game\Release\jpeg-static.pdb”; obiekt zostanie skonsolidowany bez informacji debugowania
jpeg.lib(jccolor.obj) : warning LNK4099: nie znaleziono pliku PDB „jpeg-static.pdb” z elementem „jpeg.lib(jccolor.obj)” lub w pozycji „E:\Visual\Programs\Go Game\Release\jpeg-static.pdb”; obiekt zostanie skonsolidowany bez informacji debugowania
jpeg.lib(jcdctmgr.obj) : warning LNK4099: nie znaleziono pliku PDB „jpeg-static.pdb” z elementem „jpeg.lib(jcdctmgr.obj)” lub w pozycji „E:\Visual\Programs\Go Game\Release\jpeg-static.pdb”; obiekt zostanie skonsolidowany bez informacji debugowania
jpeg.lib(jchuff.obj) : warning LNK4099: nie znaleziono pliku PDB „jpeg-static.pdb” z elementem „jpeg.lib(jchuff.obj)” lub w pozycji „E:\Visual\Programs\Go Game\Release\jpeg-static.pdb”; obiekt zostanie skonsolidowany bez informacji debugowania
jpeg.lib(jcinit.obj) : warning LNK4099: nie znaleziono pliku PDB „” z elementem „jpeg.lib(jcinit.obj)” lub w pozycji „”; obiekt zostanie skonsolidowany bez informacji debugowania
jpeg.lib(jcmainct.obj) : warning LNK4099: nie znaleziono pliku PDB „” z elementem „jpeg.lib(jcmainct.obj)” lub w pozycji „”; obiekt zostanie skonsolidowany bez informacji debugowania
jpeg.lib(jcmarker.obj) : warning LNK4099: nie znaleziono pliku PDB „jpeg-static.pdb” z elementem „jpeg.lib(jcmarker.obj)” lub w pozycji „E:\Visual\Programs\Go Game\Release\jpeg-static.pdb”; obiekt zostanie skonsolidowany bez informacji debugowania
jpeg.lib(jcmaster.obj) : warning LNK4099: nie znaleziono pliku PDB „jpeg-static.pdb” z elementem „jpeg.lib(jcmaster.obj)” lub w pozycji „E:\Visual\Programs\Go Game\Release\jpeg-static.pdb”; obiekt zostanie skonsolidowany bez informacji debugowania
jpeg.lib(jcomapi.obj) : warning LNK4099: nie znaleziono pliku PDB „jpeg-static.pdb” z elementem „jpeg.lib(jcomapi.obj)” lub w pozycji „E:\Visual\Programs\Go Game\Release\jpeg-static.pdb”; obiekt zostanie skonsolidowany bez informacji debugowania
jpeg.lib(jcparam.obj) : warning LNK4099: nie znaleziono pliku PDB „jpeg-static.pdb” z elementem „jpeg.lib(jcparam.obj)” lub w pozycji „E:\Visual\Programs\Go Game\Release\jpeg-static.pdb”; obiekt zostanie skonsolidowany bez informacji debugowania
jpeg.lib(jcphuff.obj) : warning LNK4099: nie znaleziono pliku PDB „jpeg-static.pdb” z elementem „jpeg.lib(jcphuff.obj)” lub w pozycji „E:\Visual\Programs\Go Game\Release\jpeg-static.pdb”; obiekt zostanie skonsolidowany bez informacji debugowania
jpeg.lib(jcprepct.obj) : warning LNK4099: nie znaleziono pliku PDB „jpeg-static.pdb” z elementem „jpeg.lib(jcprepct.obj)” lub w pozycji „E:\Visual\Programs\Go Game\Release\jpeg-static.pdb”; obiekt zostanie skonsolidowany bez informacji debugowania
jpeg.lib(jcsample.obj) : warning LNK4099: nie znaleziono pliku PDB „jpeg-static.pdb” z elementem „jpeg.lib(jcsample.obj)” lub w pozycji „E:\Visual\Programs\Go Game\Release\jpeg-static.pdb”; obiekt zostanie skonsolidowany bez informacji debugowania
jpeg.lib(jdapimin.obj) : warning LNK4099: nie znaleziono pliku PDB „jpeg-static.pdb” z elementem „jpeg.lib(jdapimin.obj)” lub w pozycji „E:\Visual\Programs\Go Game\Release\jpeg-static.pdb”; obiekt zostanie skonsolidowany bez informacji debugowania
jpeg.lib(jdapistd.obj) : warning LNK4099: nie znaleziono pliku PDB „jpeg-static.pdb” z elementem „jpeg.lib(jdapistd.obj)” lub w pozycji „E:\Visual\Programs\Go Game\Release\jpeg-static.pdb”; obiekt zostanie skonsolidowany bez informacji debugowania
jpeg.lib(jdcoefct.obj) : warning LNK4099: nie znaleziono pliku PDB „” z elementem „jpeg.lib(jdcoefct.obj)” lub w pozycji „”; obiekt zostanie skonsolidowany bez informacji debugowania
jpeg.lib(jdcolor.obj) : warning LNK4099: nie znaleziono pliku PDB „jpeg-static.pdb” z elementem „jpeg.lib(jdcolor.obj)” lub w pozycji „E:\Visual\Programs\Go Game\Release\jpeg-static.pdb”; obiekt zostanie skonsolidowany bez informacji debugowania
jpeg.lib(jddctmgr.obj) : warning LNK4099: nie znaleziono pliku PDB „jpeg-static.pdb” z elementem „jpeg.lib(jddctmgr.obj)” lub w pozycji „E:\Visual\Programs\Go Game\Release\jpeg-static.pdb”; obiekt zostanie skonsolidowany bez informacji debugowania
jpeg.lib(jdhuff.obj) : warning LNK4099: nie znaleziono pliku PDB „jpeg-static.pdb” z elementem „jpeg.lib(jdhuff.obj)” lub w pozycji „E:\Visual\Programs\Go Game\Release\jpeg-static.pdb”; obiekt zostanie skonsolidowany bez informacji debugowania
jpeg.lib(jdinput.obj) : warning LNK4099: nie znaleziono pliku PDB „jpeg-static.pdb” z elementem „jpeg.lib(jdinput.obj)” lub w pozycji „E:\Visual\Programs\Go Game\Release\jpeg-static.pdb”; obiekt zostanie skonsolidowany bez informacji debugowania
jpeg.lib(jdmainct.obj) : warning LNK4099: nie znaleziono pliku PDB „jpeg-static.pdb” z elementem „jpeg.lib(jdmainct.obj)” lub w pozycji „E:\Visual\Programs\Go Game\Release\jpeg-static.pdb”; obiekt zostanie skonsolidowany bez informacji debugowania
jpeg.lib(jdmarker.obj) : warning LNK4099: nie znaleziono pliku PDB „” z elementem „jpeg.lib(jdmarker.obj)” lub w pozycji „”; obiekt zostanie skonsolidowany bez informacji debugowania
jpeg.lib(jdmaster.obj) : warning LNK4099: nie znaleziono pliku PDB „” z elementem „jpeg.lib(jdmaster.obj)” lub w pozycji „”; obiekt zostanie skonsolidowany bez informacji debugowania
jpeg.lib(jdmerge.obj) : warning LNK4099: nie znaleziono pliku PDB „jpeg-static.pdb” z elementem „jpeg.lib(jdmerge.obj)” lub w pozycji „E:\Visual\Programs\Go Game\Release\jpeg-static.pdb”; obiekt zostanie skonsolidowany bez informacji debugowania
jpeg.lib(jdphuff.obj) : warning LNK4099: nie znaleziono pliku PDB „jpeg-static.pdb” z elementem „jpeg.lib(jdphuff.obj)” lub w pozycji „E:\Visual\Programs\Go Game\Release\jpeg-static.pdb”; obiekt zostanie skonsolidowany bez informacji debugowania
jpeg.lib(jdpostct.obj) : warning LNK4099: nie znaleziono pliku PDB „jpeg-static.pdb” z elementem „jpeg.lib(jdpostct.obj)” lub w pozycji „E:\Visual\Programs\Go Game\Release\jpeg-static.pdb”; obiekt zostanie skonsolidowany bez informacji debugowania
jpeg.lib(jdsample.obj) : warning LNK4099: nie znaleziono pliku PDB „jpeg-static.pdb” z elementem „jpeg.lib(jdsample.obj)” lub w pozycji „E:\Visual\Programs\Go Game\Release\jpeg-static.pdb”; obiekt zostanie skonsolidowany bez informacji debugowania
jpeg.lib(jerror.obj) : warning LNK4099: nie znaleziono pliku PDB „jpeg-static.pdb” z elementem „jpeg.lib(jerror.obj)” lub w pozycji „E:\Visual\Programs\Go Game\Release\jpeg-static.pdb”; obiekt zostanie skonsolidowany bez informacji debugowania
jpeg.lib(jfdctflt.obj) : warning LNK4099: nie znaleziono pliku PDB „jpeg-static.pdb” z elementem „jpeg.lib(jfdctflt.obj)” lub w pozycji „E:\Visual\Programs\Go Game\Release\jpeg-static.pdb”; obiekt zostanie skonsolidowany bez informacji debugowania
jpeg.lib(jfdctfst.obj) : warning LNK4099: nie znaleziono pliku PDB „jpeg-static.pdb” z elementem „jpeg.lib(jfdctfst.obj)” lub w pozycji „E:\Visual\Programs\Go Game\Release\jpeg-static.pdb”; obiekt zostanie skonsolidowany bez informacji debugowania
jpeg.lib(jfdctint.obj) : warning LNK4099: nie znaleziono pliku PDB „jpeg-static.pdb” z elementem „jpeg.lib(jfdctint.obj)” lub w pozycji „E:\Visual\Programs\Go Game\Release\jpeg-static.pdb”; obiekt zostanie skonsolidowany bez informacji debugowania
jpeg.lib(jidctflt.obj) : warning LNK4099: nie znaleziono pliku PDB „jpeg-static.pdb” z elementem „jpeg.lib(jidctflt.obj)” lub w pozycji „E:\Visual\Programs\Go Game\Release\jpeg-static.pdb”; obiekt zostanie skonsolidowany bez informacji debugowania
jpeg.lib(jidctfst.obj) : warning LNK4099: nie znaleziono pliku PDB „jpeg-static.pdb” z elementem „jpeg.lib(jidctfst.obj)” lub w pozycji „E:\Visual\Programs\Go Game\Release\jpeg-static.pdb”; obiekt zostanie skonsolidowany bez informacji debugowania
jpeg.lib(jidctint.obj) : warning LNK4099: nie znaleziono pliku PDB „jpeg-static.pdb” z elementem „jpeg.lib(jidctint.obj)” lub w pozycji „E:\Visual\Programs\Go Game\Release\jpeg-static.pdb”; obiekt zostanie skonsolidowany bez informacji debugowania
jpeg.lib(jidctred.obj) : warning LNK4099: nie znaleziono pliku PDB „jpeg-static.pdb” z elementem „jpeg.lib(jidctred.obj)” lub w pozycji „E:\Visual\Programs\Go Game\Release\jpeg-static.pdb”; obiekt zostanie skonsolidowany bez informacji debugowania
jpeg.lib(jquant1.obj) : warning LNK4099: nie znaleziono pliku PDB „jpeg-static.pdb” z elementem „jpeg.lib(jquant1.obj)” lub w pozycji „E:\Visual\Programs\Go Game\Release\jpeg-static.pdb”; obiekt zostanie skonsolidowany bez informacji debugowania
jpeg.lib(jquant2.obj) : warning LNK4099: nie znaleziono pliku PDB „jpeg-static.pdb” z elementem „jpeg.lib(jquant2.obj)” lub w pozycji „E:\Visual\Programs\Go Game\Release\jpeg-static.pdb”; obiekt zostanie skonsolidowany bez informacji debugowania
jpeg.lib(jutils.obj) : warning LNK4099: nie znaleziono pliku PDB „jpeg-static.pdb” z elementem „jpeg.lib(jutils.obj)” lub w pozycji „E:\Visual\Programs\Go Game\Release\jpeg-static.pdb”; obiekt zostanie skonsolidowany bez informacji debugowania
jpeg.lib(jmemmgr.obj) : warning LNK4099: nie znaleziono pliku PDB „jpeg-static.pdb” z elementem „jpeg.lib(jmemmgr.obj)” lub w pozycji „E:\Visual\Programs\Go Game\Release\jpeg-static.pdb”; obiekt zostanie skonsolidowany bez informacji debugowania
jpeg.lib(jmemnobs.obj) : warning LNK4099: nie znaleziono pliku PDB „jpeg-static.pdb” z elementem „jpeg.lib(jmemnobs.obj)” lub w pozycji „E:\Visual\Programs\Go Game\Release\jpeg-static.pdb”; obiekt zostanie skonsolidowany bez informacji debugowania
jpeg.lib(jaricom.obj) : warning LNK4099: nie znaleziono pliku PDB „jpeg-static.pdb” z elementem „jpeg.lib(jaricom.obj)” lub w pozycji „E:\Visual\Programs\Go Game\Release\jpeg-static.pdb”; obiekt zostanie skonsolidowany bez informacji debugowania
jpeg.lib(jcarith.obj) : warning LNK4099: nie znaleziono pliku PDB „” z elementem „jpeg.lib(jcarith.obj)” lub w pozycji „”; obiekt zostanie skonsolidowany bez informacji debugowania
jpeg.lib(jdarith.obj) : warning LNK4099: nie znaleziono pliku PDB „jpeg-static.pdb” z elementem „jpeg.lib(jdarith.obj)” lub w pozycji „E:\Visual\Programs\Go Game\Release\jpeg-static.pdb”; obiekt zostanie skonsolidowany bez informacji debugowania
jpeg.lib(jsimd.obj) : warning LNK4099: nie znaleziono pliku PDB „simd.pdb” z elementem „jpeg.lib(jsimd.obj)” lub w pozycji „E:\Visual\Programs\Go Game\Release\simd.pdb”; obiekt zostanie skonsolidowany bez informacji debugowania
libpng16.lib(png.obj) : warning LNK4099: nie znaleziono pliku PDB „” z elementem „libpng16.lib(png.obj)” lub w pozycji „”; obiekt zostanie skonsolidowany bez informacji debugowania
libpng16.lib(pngerror.obj) : warning LNK4099: nie znaleziono pliku PDB „” z elementem „libpng16.lib(pngerror.obj)” lub w pozycji „”; obiekt zostanie skonsolidowany bez informacji debugowania
libpng16.lib(pngget.obj) : warning LNK4099: nie znaleziono pliku PDB „” z elementem „libpng16.lib(pngget.obj)” lub w pozycji „”; obiekt zostanie skonsolidowany bez informacji debugowania
libpng16.lib(pngmem.obj) : warning LNK4099: nie znaleziono pliku PDB „png_static.pdb” z elementem „libpng16.lib(pngmem.obj)” lub w pozycji „E:\Visual\Programs\Go Game\Release\png_static.pdb”; obiekt zostanie skonsolidowany bez informacji debugowania
libpng16.lib(pngread.obj) : warning LNK4099: nie znaleziono pliku PDB „png_static.pdb” z elementem „libpng16.lib(pngread.obj)” lub w pozycji „E:\Visual\Programs\Go Game\Release\png_static.pdb”; obiekt zostanie skonsolidowany bez informacji debugowania
libpng16.lib(pngrio.obj) : warning LNK4099: nie znaleziono pliku PDB „png_static.pdb” z elementem „libpng16.lib(pngrio.obj)” lub w pozycji „E:\Visual\Programs\Go Game\Release\png_static.pdb”; obiekt zostanie skonsolidowany bez informacji debugowania
libpng16.lib(pngrtran.obj) : warning LNK4099: nie znaleziono pliku PDB „png_static.pdb” z elementem „libpng16.lib(pngrtran.obj)” lub w pozycji „E:\Visual\Programs\Go Game\Release\png_static.pdb”; obiekt zostanie skonsolidowany bez informacji debugowania
libpng16.lib(pngrutil.obj) : warning LNK4099: nie znaleziono pliku PDB „png_static.pdb” z elementem „libpng16.lib(pngrutil.obj)” lub w pozycji „E:\Visual\Programs\Go Game\Release\png_static.pdb”; obiekt zostanie skonsolidowany bez informacji debugowania
libpng16.lib(pngset.obj) : warning LNK4099: nie znaleziono pliku PDB „png_static.pdb” z elementem „libpng16.lib(pngset.obj)” lub w pozycji „E:\Visual\Programs\Go Game\Release\png_static.pdb”; obiekt zostanie skonsolidowany bez informacji debugowania
libpng16.lib(pngtrans.obj) : warning LNK4099: nie znaleziono pliku PDB „png_static.pdb” z elementem „libpng16.lib(pngtrans.obj)” lub w pozycji „E:\Visual\Programs\Go Game\Release\png_static.pdb”; obiekt zostanie skonsolidowany bez informacji debugowania
libpng16.lib(pngwio.obj) : warning LNK4099: nie znaleziono pliku PDB „” z elementem „libpng16.lib(pngwio.obj)” lub w pozycji „”; obiekt zostanie skonsolidowany bez informacji debugowania
libpng16.lib(pngwrite.obj) : warning LNK4099: nie znaleziono pliku PDB „png_static.pdb” z elementem „libpng16.lib(pngwrite.obj)” lub w pozycji „E:\Visual\Programs\Go Game\Release\png_static.pdb”; obiekt zostanie skonsolidowany bez informacji debugowania
libpng16.lib(pngwtran.obj) : warning LNK4099: nie znaleziono pliku PDB „png_static.pdb” z elementem „libpng16.lib(pngwtran.obj)” lub w pozycji „E:\Visual\Programs\Go Game\Release\png_static.pdb”; obiekt zostanie skonsolidowany bez informacji debugowania
libpng16.lib(pngwutil.obj) : warning LNK4099: nie znaleziono pliku PDB „png_static.pdb” z elementem „libpng16.lib(pngwutil.obj)” lub w pozycji „E:\Visual\Programs\Go Game\Release\png_static.pdb”; obiekt zostanie skonsolidowany bez informacji debugowania
zlib.lib(adler32.obj) : warning LNK4099: nie znaleziono pliku PDB „zlib.pdb” z elementem „zlib.lib(adler32.obj)” lub w pozycji „E:\Visual\Programs\Go Game\Release\zlib.pdb”; obiekt zostanie skonsolidowany bez informacji debugowania
zlib.lib(crc32.obj) : warning LNK4099: nie znaleziono pliku PDB „zlib.pdb” z elementem „zlib.lib(crc32.obj)” lub w pozycji „E:\Visual\Programs\Go Game\Release\zlib.pdb”; obiekt zostanie skonsolidowany bez informacji debugowania
zlib.lib(deflate.obj) : warning LNK4099: nie znaleziono pliku PDB „zlib.pdb” z elementem „zlib.lib(deflate.obj)” lub w pozycji „E:\Visual\Programs\Go Game\Release\zlib.pdb”; obiekt zostanie skonsolidowany bez informacji debugowania
zlib.lib(inflate.obj) : warning LNK4099: nie znaleziono pliku PDB „zlib.pdb” z elementem „zlib.lib(inflate.obj)” lub w pozycji „E:\Visual\Programs\Go Game\Release\zlib.pdb”; obiekt zostanie skonsolidowany bez informacji debugowania
zlib.lib(inftrees.obj) : warning LNK4099: nie znaleziono pliku PDB „zlib.pdb” z elementem „zlib.lib(inftrees.obj)” lub w pozycji „E:\Visual\Programs\Go Game\Release\zlib.pdb”; obiekt zostanie skonsolidowany bez informacji debugowania
zlib.lib(inffast.obj) : warning LNK4099: nie znaleziono pliku PDB „zlib.pdb” z elementem „zlib.lib(inffast.obj)” lub w pozycji „E:\Visual\Programs\Go Game\Release\zlib.pdb”; obiekt zostanie skonsolidowany bez informacji debugowania
zlib.lib(trees.obj) : warning LNK4099: nie znaleziono pliku PDB „zlib.pdb” z elementem „zlib.lib(trees.obj)” lub w pozycji „E:\Visual\Programs\Go Game\Release\zlib.pdb”; obiekt zostanie skonsolidowany bez informacji debugowania
zlib.lib(zutil.obj) : warning LNK4099: nie znaleziono pliku PDB „zlib.pdb” z elementem „zlib.lib(zutil.obj)” lub w pozycji „E:\Visual\Programs\Go Game\Release\zlib.pdb”; obiekt zostanie skonsolidowany bez informacji debugowania
webp.lib(alpha_dec.obj) : warning LNK4099: nie znaleziono pliku PDB „webpdecode.pdb” z elementem „webp.lib(alpha_dec.obj)” lub w pozycji „E:\Visual\Programs\Go Game\Release\webpdecode.pdb”; obiekt zostanie skonsolidowany bez informacji debugowania
webp.lib(buffer_dec.obj) : warning LNK4099: nie znaleziono pliku PDB „” z elementem „webp.lib(buffer_dec.obj)” lub w pozycji „”; obiekt zostanie skonsolidowany bez informacji debugowania
webp.lib(frame_dec.obj) : warning LNK4099: nie znaleziono pliku PDB „webpdecode.pdb” z elementem „webp.lib(frame_dec.obj)” lub w pozycji „E:\Visual\Programs\Go Game\Release\webpdecode.pdb”; obiekt zostanie skonsolidowany bez informacji debugowania
webp.lib(io_dec.obj) : warning LNK4099: nie znaleziono pliku PDB „webpdecode.pdb” z elementem „webp.lib(io_dec.obj)” lub w pozycji „E:\Visual\Programs\Go Game\Release\webpdecode.pdb”; obiekt zostanie skonsolidowany bez informacji debugowania
webp.lib(quant_dec.obj) : warning LNK4099: nie znaleziono pliku PDB „webpdecode.pdb” z elementem „webp.lib(quant_dec.obj)” lub w pozycji „E:\Visual\Programs\Go Game\Release\webpdecode.pdb”; obiekt zostanie skonsolidowany bez informacji debugowania
webp.lib(tree_dec.obj) : warning LNK4099: nie znaleziono pliku PDB „webpdecode.pdb” z elementem „webp.lib(tree_dec.obj)” lub w pozycji „E:\Visual\Programs\Go Game\Release\webpdecode.pdb”; obiekt zostanie skonsolidowany bez informacji debugowania
webp.lib(vp8_dec.obj) : warning LNK4099: nie znaleziono pliku PDB „” z elementem „webp.lib(vp8_dec.obj)” lub w pozycji „”; obiekt zostanie skonsolidowany bez informacji debugowania
webp.lib(vp8l_dec.obj) : warning LNK4099: nie znaleziono pliku PDB „webpdecode.pdb” z elementem „webp.lib(vp8l_dec.obj)” lub w pozycji „E:\Visual\Programs\Go Game\Release\webpdecode.pdb”; obiekt zostanie skonsolidowany bez informacji debugowania
webp.lib(webp_dec.obj) : warning LNK4099: nie znaleziono pliku PDB „webpdecode.pdb” z elementem „webp.lib(webp_dec.obj)” lub w pozycji „E:\Visual\Programs\Go Game\Release\webpdecode.pdb”; obiekt zostanie skonsolidowany bez informacji debugowania
webp.lib(alpha_processing.obj) : warning LNK4099: nie znaleziono pliku PDB „webpdsp.pdb” z elementem „webp.lib(alpha_processing.obj)” lub w pozycji „E:\Visual\Programs\Go Game\Release\webpdsp.pdb”; obiekt zostanie skonsolidowany bez informacji debugowania
webp.lib(cpu.obj) : warning LNK4099: nie znaleziono pliku PDB „webpdsp.pdb” z elementem „webp.lib(cpu.obj)” lub w pozycji „E:\Visual\Programs\Go Game\Release\webpdsp.pdb”; obiekt zostanie skonsolidowany bez informacji debugowania
webp.lib(dec.obj) : warning LNK4099: nie znaleziono pliku PDB „webpdsp.pdb” z elementem „webp.lib(dec.obj)” lub w pozycji „E:\Visual\Programs\Go Game\Release\webpdsp.pdb”; obiekt zostanie skonsolidowany bez informacji debugowania
webp.lib(dec_clip_tables.obj) : warning LNK4099: nie znaleziono pliku PDB „webpdsp.pdb” z elementem „webp.lib(dec_clip_tables.obj)” lub w pozycji „E:\Visual\Programs\Go Game\Release\webpdsp.pdb”; obiekt zostanie skonsolidowany bez informacji debugowania
webp.lib(filters.obj) : warning LNK4099: nie znaleziono pliku PDB „webpdsp.pdb” z elementem „webp.lib(filters.obj)” lub w pozycji „E:\Visual\Programs\Go Game\Release\webpdsp.pdb”; obiekt zostanie skonsolidowany bez informacji debugowania
webp.lib(lossless.obj) : warning LNK4099: nie znaleziono pliku PDB „webpdsp.pdb” z elementem „webp.lib(lossless.obj)” lub w pozycji „E:\Visual\Programs\Go Game\Release\webpdsp.pdb”; obiekt zostanie skonsolidowany bez informacji debugowania
webp.lib(rescaler.obj) : warning LNK4099: nie znaleziono pliku PDB „webpdsp.pdb” z elementem „webp.lib(rescaler.obj)” lub w pozycji „E:\Visual\Programs\Go Game\Release\webpdsp.pdb”; obiekt zostanie skonsolidowany bez informacji debugowania
webp.lib(upsampling.obj) : warning LNK4099: nie znaleziono pliku PDB „webpdsp.pdb” z elementem „webp.lib(upsampling.obj)” lub w pozycji „E:\Visual\Programs\Go Game\Release\webpdsp.pdb”; obiekt zostanie skonsolidowany bez informacji debugowania
webp.lib(yuv.obj) : warning LNK4099: nie znaleziono pliku PDB „webpdsp.pdb” z elementem „webp.lib(yuv.obj)” lub w pozycji „E:\Visual\Programs\Go Game\Release\webpdsp.pdb”; obiekt zostanie skonsolidowany bez informacji debugowania
webp.lib(alpha_processing_sse41.obj) : warning LNK4099: nie znaleziono pliku PDB „webpdsp.pdb” z elementem „webp.lib(alpha_processing_sse41.obj)” lub w pozycji „E:\Visual\Programs\Go Game\Release\webpdsp.pdb”; obiekt zostanie skonsolidowany bez informacji debugowania
webp.lib(dec_sse41.obj) : warning LNK4099: nie znaleziono pliku PDB „webpdsp.pdb” z elementem „webp.lib(dec_sse41.obj)” lub w pozycji „E:\Visual\Programs\Go Game\Release\webpdsp.pdb”; obiekt zostanie skonsolidowany bez informacji debugowania
webp.lib(upsampling_sse41.obj) : warning LNK4099: nie znaleziono pliku PDB „webpdsp.pdb” z elementem „webp.lib(upsampling_sse41.obj)” lub w pozycji „E:\Visual\Programs\Go Game\Release\webpdsp.pdb”; obiekt zostanie skonsolidowany bez informacji debugowania
webp.lib(yuv_sse41.obj) : warning LNK4099: nie znaleziono pliku PDB „” z elementem „webp.lib(yuv_sse41.obj)” lub w pozycji „”; obiekt zostanie skonsolidowany bez informacji debugowania
webp.lib(alpha_processing_sse2.obj) : warning LNK4099: nie znaleziono pliku PDB „webpdsp.pdb” z elementem „webp.lib(alpha_processing_sse2.obj)” lub w pozycji „E:\Visual\Programs\Go Game\Release\webpdsp.pdb”; obiekt zostanie skonsolidowany bez informacji debugowania
webp.lib(dec_sse2.obj) : warning LNK4099: nie znaleziono pliku PDB „webpdsp.pdb” z elementem „webp.lib(dec_sse2.obj)” lub w pozycji „E:\Visual\Programs\Go Game\Release\webpdsp.pdb”; obiekt zostanie skonsolidowany bez informacji debugowania
webp.lib(filters_sse2.obj) : warning LNK4099: nie znaleziono pliku PDB „webpdsp.pdb” z elementem „webp.lib(filters_sse2.obj)” lub w pozycji „E:\Visual\Programs\Go Game\Release\webpdsp.pdb”; obiekt zostanie skonsolidowany bez informacji debugowania
webp.lib(lossless_sse2.obj) : warning LNK4099: nie znaleziono pliku PDB „webpdsp.pdb” z elementem „webp.lib(lossless_sse2.obj)” lub w pozycji „E:\Visual\Programs\Go Game\Release\webpdsp.pdb”; obiekt zostanie skonsolidowany bez informacji debugowania
webp.lib(rescaler_sse2.obj) : warning LNK4099: nie znaleziono pliku PDB „webpdsp.pdb” z elementem „webp.lib(rescaler_sse2.obj)” lub w pozycji „E:\Visual\Programs\Go Game\Release\webpdsp.pdb”; obiekt zostanie skonsolidowany bez informacji debugowania
webp.lib(upsampling_sse2.obj) : warning LNK4099: nie znaleziono pliku PDB „webpdsp.pdb” z elementem „webp.lib(upsampling_sse2.obj)” lub w pozycji „E:\Visual\Programs\Go Game\Release\webpdsp.pdb”; obiekt zostanie skonsolidowany bez informacji debugowania
webp.lib(yuv_sse2.obj) : warning LNK4099: nie znaleziono pliku PDB „webpdsp.pdb” z elementem „webp.lib(yuv_sse2.obj)” lub w pozycji „E:\Visual\Programs\Go Game\Release\webpdsp.pdb”; obiekt zostanie skonsolidowany bez informacji debugowania
webp.lib(cost.obj) : warning LNK4099: nie znaleziono pliku PDB „webpdsp.pdb” z elementem „webp.lib(cost.obj)” lub w pozycji „E:\Visual\Programs\Go Game\Release\webpdsp.pdb”; obiekt zostanie skonsolidowany bez informacji debugowania
webp.lib(enc.obj) : warning LNK4099: nie znaleziono pliku PDB „webpdsp.pdb” z elementem „webp.lib(enc.obj)” lub w pozycji „E:\Visual\Programs\Go Game\Release\webpdsp.pdb”; obiekt zostanie skonsolidowany bez informacji debugowania
webp.lib(lossless_enc.obj) : warning LNK4099: nie znaleziono pliku PDB „webpdsp.pdb” z elementem „webp.lib(lossless_enc.obj)” lub w pozycji „E:\Visual\Programs\Go Game\Release\webpdsp.pdb”; obiekt zostanie skonsolidowany bez informacji debugowania
webp.lib(ssim.obj) : warning LNK4099: nie znaleziono pliku PDB „webpdsp.pdb” z elementem „webp.lib(ssim.obj)” lub w pozycji „E:\Visual\Programs\Go Game\Release\webpdsp.pdb”; obiekt zostanie skonsolidowany bez informacji debugowania
webp.lib(cost_sse2.obj) : warning LNK4099: nie znaleziono pliku PDB „webpdsp.pdb” z elementem „webp.lib(cost_sse2.obj)” lub w pozycji „E:\Visual\Programs\Go Game\Release\webpdsp.pdb”; obiekt zostanie skonsolidowany bez informacji debugowania
webp.lib(enc_sse2.obj) : warning LNK4099: nie znaleziono pliku PDB „webpdsp.pdb” z elementem „webp.lib(enc_sse2.obj)” lub w pozycji „E:\Visual\Programs\Go Game\Release\webpdsp.pdb”; obiekt zostanie skonsolidowany bez informacji debugowania
webp.lib(lossless_enc_sse2.obj) : warning LNK4099: nie znaleziono pliku PDB „webpdsp.pdb” z elementem „webp.lib(lossless_enc_sse2.obj)” lub w pozycji „E:\Visual\Programs\Go Game\Release\webpdsp.pdb”; obiekt zostanie skonsolidowany bez informacji debugowania
webp.lib(ssim_sse2.obj) : warning LNK4099: nie znaleziono pliku PDB „” z elementem „webp.lib(ssim_sse2.obj)” lub w pozycji „”; obiekt zostanie skonsolidowany bez informacji debugowania
webp.lib(enc_sse41.obj) : warning LNK4099: nie znaleziono pliku PDB „webpdsp.pdb” z elementem „webp.lib(enc_sse41.obj)” lub w pozycji „E:\Visual\Programs\Go Game\Release\webpdsp.pdb”; obiekt zostanie skonsolidowany bez informacji debugowania
webp.lib(lossless_enc_sse41.obj) : warning LNK4099: nie znaleziono pliku PDB „webpdsp.pdb” z elementem „webp.lib(lossless_enc_sse41.obj)” lub w pozycji „E:\Visual\Programs\Go Game\Release\webpdsp.pdb”; obiekt zostanie skonsolidowany bez informacji debugowania
webp.lib(alpha_enc.obj) : warning LNK4099: nie znaleziono pliku PDB „webpencode.pdb” z elementem „webp.lib(alpha_enc.obj)” lub w pozycji „E:\Visual\Programs\Go Game\Release\webpencode.pdb”; obiekt zostanie skonsolidowany bez informacji debugowania
webp.lib(analysis_enc.obj) : warning LNK4099: nie znaleziono pliku PDB „webpencode.pdb” z elementem „webp.lib(analysis_enc.obj)” lub w pozycji „E:\Visual\Programs\Go Game\Release\webpencode.pdb”; obiekt zostanie skonsolidowany bez informacji debugowania
webp.lib(backward_references_cost_enc.obj) : warning LNK4099: nie znaleziono pliku PDB „webpencode.pdb” z elementem „webp.lib(backward_references_cost_enc.obj)” lub w pozycji „E:\Visual\Programs\Go Game\Release\webpencode.pdb”; obiekt zostanie skonsolidowany bez informacji debugowania
webp.lib(backward_references_enc.obj) : warning LNK4099: nie znaleziono pliku PDB „webpencode.pdb” z elementem „webp.lib(backward_references_enc.obj)” lub w pozycji „E:\Visual\Programs\Go Game\Release\webpencode.pdb”; obiekt zostanie skonsolidowany bez informacji debugowania
webp.lib(config_enc.obj) : warning LNK4099: nie znaleziono pliku PDB „webpencode.pdb” z elementem „webp.lib(config_enc.obj)” lub w pozycji „E:\Visual\Programs\Go Game\Release\webpencode.pdb”; obiekt zostanie skonsolidowany bez informacji debugowania
webp.lib(cost_enc.obj) : warning LNK4099: nie znaleziono pliku PDB „webpencode.pdb” z elementem „webp.lib(cost_enc.obj)” lub w pozycji „E:\Visual\Programs\Go Game\Release\webpencode.pdb”; obiekt zostanie skonsolidowany bez informacji debugowania
webp.lib(filter_enc.obj) : warning LNK4099: nie znaleziono pliku PDB „webpencode.pdb” z elementem „webp.lib(filter_enc.obj)” lub w pozycji „E:\Visual\Programs\Go Game\Release\webpencode.pdb”; obiekt zostanie skonsolidowany bez informacji debugowania
webp.lib(frame_enc.obj) : warning LNK4099: nie znaleziono pliku PDB „webpencode.pdb” z elementem „webp.lib(frame_enc.obj)” lub w pozycji „E:\Visual\Programs\Go Game\Release\webpencode.pdb”; obiekt zostanie skonsolidowany bez informacji debugowania
webp.lib(histogram_enc.obj) : warning LNK4099: nie znaleziono pliku PDB „webpencode.pdb” z elementem „webp.lib(histogram_enc.obj)” lub w pozycji „E:\Visual\Programs\Go Game\Release\webpencode.pdb”; obiekt zostanie skonsolidowany bez informacji debugowania
webp.lib(iterator_enc.obj) : warning LNK4099: nie znaleziono pliku PDB „” z elementem „webp.lib(iterator_enc.obj)” lub w pozycji „”; obiekt zostanie skonsolidowany bez informacji debugowania
webp.lib(near_lossless_enc.obj) : warning LNK4099: nie znaleziono pliku PDB „webpencode.pdb” z elementem „webp.lib(near_lossless_enc.obj)” lub w pozycji „E:\Visual\Programs\Go Game\Release\webpencode.pdb”; obiekt zostanie skonsolidowany bez informacji debugowania
webp.lib(picture_enc.obj) : warning LNK4099: nie znaleziono pliku PDB „webpencode.pdb” z elementem „webp.lib(picture_enc.obj)” lub w pozycji „E:\Visual\Programs\Go Game\Release\webpencode.pdb”; obiekt zostanie skonsolidowany bez informacji debugowania
webp.lib(picture_csp_enc.obj) : warning LNK4099: nie znaleziono pliku PDB „webpencode.pdb” z elementem „webp.lib(picture_csp_enc.obj)” lub w pozycji „E:\Visual\Programs\Go Game\Release\webpencode.pdb”; obiekt zostanie skonsolidowany bez informacji debugowania
webp.lib(picture_tools_enc.obj) : warning LNK4099: nie znaleziono pliku PDB „webpencode.pdb” z elementem „webp.lib(picture_tools_enc.obj)” lub w pozycji „E:\Visual\Programs\Go Game\Release\webpencode.pdb”; obiekt zostanie skonsolidowany bez informacji debugowania
webp.lib(predictor_enc.obj) : warning LNK4099: nie znaleziono pliku PDB „webpencode.pdb” z elementem „webp.lib(predictor_enc.obj)” lub w pozycji „E:\Visual\Programs\Go Game\Release\webpencode.pdb”; obiekt zostanie skonsolidowany bez informacji debugowania
webp.lib(quant_enc.obj) : warning LNK4099: nie znaleziono pliku PDB „webpencode.pdb” z elementem „webp.lib(quant_enc.obj)” lub w pozycji „E:\Visual\Programs\Go Game\Release\webpencode.pdb”; obiekt zostanie skonsolidowany bez informacji debugowania
webp.lib(syntax_enc.obj) : warning LNK4099: nie znaleziono pliku PDB „webpencode.pdb” z elementem „webp.lib(syntax_enc.obj)” lub w pozycji „E:\Visual\Programs\Go Game\Release\webpencode.pdb”; obiekt zostanie skonsolidowany bez informacji debugowania
webp.lib(token_enc.obj) : warning LNK4099: nie znaleziono pliku PDB „” z elementem „webp.lib(token_enc.obj)” lub w pozycji „”; obiekt zostanie skonsolidowany bez informacji debugowania
webp.lib(tree_enc.obj) : warning LNK4099: nie znaleziono pliku PDB „webpencode.pdb” z elementem „webp.lib(tree_enc.obj)” lub w pozycji „E:\Visual\Programs\Go Game\Release\webpencode.pdb”; obiekt zostanie skonsolidowany bez informacji debugowania
webp.lib(vp8l_enc.obj) : warning LNK4099: nie znaleziono pliku PDB „webpencode.pdb” z elementem „webp.lib(vp8l_enc.obj)” lub w pozycji „E:\Visual\Programs\Go Game\Release\webpencode.pdb”; obiekt zostanie skonsolidowany bez informacji debugowania
webp.lib(webp_enc.obj) : warning LNK4099: nie znaleziono pliku PDB „webpencode.pdb” z elementem „webp.lib(webp_enc.obj)” lub w pozycji „E:\Visual\Programs\Go Game\Release\webpencode.pdb”; obiekt zostanie skonsolidowany bez informacji debugowania
webp.lib(bit_reader_utils.obj) : warning LNK4099: nie znaleziono pliku PDB „webputils.pdb” z elementem „webp.lib(bit_reader_utils.obj)” lub w pozycji „E:\Visual\Programs\Go Game\Release\webputils.pdb”; obiekt zostanie skonsolidowany bez informacji debugowania
webp.lib(color_cache_utils.obj) : warning LNK4099: nie znaleziono pliku PDB „” z elementem „webp.lib(color_cache_utils.obj)” lub w pozycji „”; obiekt zostanie skonsolidowany bez informacji debugowania
webp.lib(filters_utils.obj) : warning LNK4099: nie znaleziono pliku PDB „” z elementem „webp.lib(filters_utils.obj)” lub w pozycji „”; obiekt zostanie skonsolidowany bez informacji debugowania
webp.lib(huffman_utils.obj) : warning LNK4099: nie znaleziono pliku PDB „webputils.pdb” z elementem „webp.lib(huffman_utils.obj)” lub w pozycji „E:\Visual\Programs\Go Game\Release\webputils.pdb”; obiekt zostanie skonsolidowany bez informacji debugowania
webp.lib(quant_levels_dec_utils.obj) : warning LNK4099: nie znaleziono pliku PDB „webputils.pdb” z elementem „webp.lib(quant_levels_dec_utils.obj)” lub w pozycji „E:\Visual\Programs\Go Game\Release\webputils.pdb”; obiekt zostanie skonsolidowany bez informacji debugowania
webp.lib(rescaler_utils.obj) : warning LNK4099: nie znaleziono pliku PDB „webputils.pdb” z elementem „webp.lib(rescaler_utils.obj)” lub w pozycji „E:\Visual\Programs\Go Game\Release\webputils.pdb”; obiekt zostanie skonsolidowany bez informacji debugowania
webp.lib(random_utils.obj) : warning LNK4099: nie znaleziono pliku PDB „webputils.pdb” z elementem „webp.lib(random_utils.obj)” lub w pozycji „E:\Visual\Programs\Go Game\Release\webputils.pdb”; obiekt zostanie skonsolidowany bez informacji debugowania
webp.lib(thread_utils.obj) : warning LNK4099: nie znaleziono pliku PDB „webputils.pdb” z elementem „webp.lib(thread_utils.obj)” lub w pozycji „E:\Visual\Programs\Go Game\Release\webputils.pdb”; obiekt zostanie skonsolidowany bez informacji debugowania
webp.lib(utils.obj) : warning LNK4099: nie znaleziono pliku PDB „webputils.pdb” z elementem „webp.lib(utils.obj)” lub w pozycji „E:\Visual\Programs\Go Game\Release\webputils.pdb”; obiekt zostanie skonsolidowany bez informacji debugowania
webp.lib(bit_writer_utils.obj) : warning LNK4099: nie znaleziono pliku PDB „webputils.pdb” z elementem „webp.lib(bit_writer_utils.obj)” lub w pozycji „E:\Visual\Programs\Go Game\Release\webputils.pdb”; obiekt zostanie skonsolidowany bez informacji debugowania
webp.lib(huffman_encode_utils.obj) : warning LNK4099: nie znaleziono pliku PDB „webputils.pdb” z elementem „webp.lib(huffman_encode_utils.obj)” lub w pozycji „E:\Visual\Programs\Go Game\Release\webputils.pdb”; obiekt zostanie skonsolidowany bez informacji debugowania
webp.lib(quant_levels_utils.obj) : warning LNK4099: nie znaleziono pliku PDB „webputils.pdb” z elementem „webp.lib(quant_levels_utils.obj)” lub w pozycji „E:\Visual\Programs\Go Game\Release\webputils.pdb”; obiekt zostanie skonsolidowany bez informacji debugowania
freetype.lib(autofit.obj) : warning LNK4099: nie znaleziono pliku PDB „” z elementem „freetype.lib(autofit.obj)” lub w pozycji „”; obiekt zostanie skonsolidowany bez informacji debugowania
freetype.lib(ftbase.obj) : warning LNK4099: nie znaleziono pliku PDB „freetype.pdb” z elementem „freetype.lib(ftbase.obj)” lub w pozycji „E:\Visual\Programs\Go Game\Release\freetype.pdb”; obiekt zostanie skonsolidowany bez informacji debugowania
freetype.lib(ftbitmap.obj) : warning LNK4099: nie znaleziono pliku PDB „freetype.pdb” z elementem „freetype.lib(ftbitmap.obj)” lub w pozycji „E:\Visual\Programs\Go Game\Release\freetype.pdb”; obiekt zostanie skonsolidowany bez informacji debugowania
freetype.lib(ftinit.obj) : warning LNK4099: nie znaleziono pliku PDB „freetype.pdb” z elementem „freetype.lib(ftinit.obj)” lub w pozycji „E:\Visual\Programs\Go Game\Release\freetype.pdb”; obiekt zostanie skonsolidowany bez informacji debugowania
freetype.lib(ftsystem.obj) : warning LNK4099: nie znaleziono pliku PDB „freetype.pdb” z elementem „freetype.lib(ftsystem.obj)” lub w pozycji „E:\Visual\Programs\Go Game\Release\freetype.pdb”; obiekt zostanie skonsolidowany bez informacji debugowania
freetype.lib(bdf.obj) : warning LNK4099: nie znaleziono pliku PDB „” z elementem „freetype.lib(bdf.obj)” lub w pozycji „”; obiekt zostanie skonsolidowany bez informacji debugowania
freetype.lib(cff.obj) : warning LNK4099: nie znaleziono pliku PDB „freetype.pdb” z elementem „freetype.lib(cff.obj)” lub w pozycji „E:\Visual\Programs\Go Game\Release\freetype.pdb”; obiekt zostanie skonsolidowany bez informacji debugowania
freetype.lib(type1cid.obj) : warning LNK4099: nie znaleziono pliku PDB „freetype.pdb” z elementem „freetype.lib(type1cid.obj)” lub w pozycji „E:\Visual\Programs\Go Game\Release\freetype.pdb”; obiekt zostanie skonsolidowany bez informacji debugowania
freetype.lib(ftgzip.obj) : warning LNK4099: nie znaleziono pliku PDB „freetype.pdb” z elementem „freetype.lib(ftgzip.obj)” lub w pozycji „E:\Visual\Programs\Go Game\Release\freetype.pdb”; obiekt zostanie skonsolidowany bez informacji debugowania
freetype.lib(ftlzw.obj) : warning LNK4099: nie znaleziono pliku PDB „freetype.pdb” z elementem „freetype.lib(ftlzw.obj)” lub w pozycji „E:\Visual\Programs\Go Game\Release\freetype.pdb”; obiekt zostanie skonsolidowany bez informacji debugowania
freetype.lib(pcf.obj) : warning LNK4099: nie znaleziono pliku PDB „freetype.pdb” z elementem „freetype.lib(pcf.obj)” lub w pozycji „E:\Visual\Programs\Go Game\Release\freetype.pdb”; obiekt zostanie skonsolidowany bez informacji debugowania
freetype.lib(pfr.obj) : warning LNK4099: nie znaleziono pliku PDB „freetype.pdb” z elementem „freetype.lib(pfr.obj)” lub w pozycji „E:\Visual\Programs\Go Game\Release\freetype.pdb”; obiekt zostanie skonsolidowany bez informacji debugowania
freetype.lib(psaux.obj) : warning LNK4099: nie znaleziono pliku PDB „freetype.pdb” z elementem „freetype.lib(psaux.obj)” lub w pozycji „E:\Visual\Programs\Go Game\Release\freetype.pdb”; obiekt zostanie skonsolidowany bez informacji debugowania
freetype.lib(pshinter.obj) : warning LNK4099: nie znaleziono pliku PDB „freetype.pdb” z elementem „freetype.lib(pshinter.obj)” lub w pozycji „E:\Visual\Programs\Go Game\Release\freetype.pdb”; obiekt zostanie skonsolidowany bez informacji debugowania
freetype.lib(psnames.obj) : warning LNK4099: nie znaleziono pliku PDB „freetype.pdb” z elementem „freetype.lib(psnames.obj)” lub w pozycji „E:\Visual\Programs\Go Game\Release\freetype.pdb”; obiekt zostanie skonsolidowany bez informacji debugowania
freetype.lib(raster.obj) : warning LNK4099: nie znaleziono pliku PDB „freetype.pdb” z elementem „freetype.lib(raster.obj)” lub w pozycji „E:\Visual\Programs\Go Game\Release\freetype.pdb”; obiekt zostanie skonsolidowany bez informacji debugowania
freetype.lib(sfnt.obj) : warning LNK4099: nie znaleziono pliku PDB „freetype.pdb” z elementem „freetype.lib(sfnt.obj)” lub w pozycji „E:\Visual\Programs\Go Game\Release\freetype.pdb”; obiekt zostanie skonsolidowany bez informacji debugowania
freetype.lib(smooth.obj) : warning LNK4099: nie znaleziono pliku PDB „freetype.pdb” z elementem „freetype.lib(smooth.obj)” lub w pozycji „E:\Visual\Programs\Go Game\Release\freetype.pdb”; obiekt zostanie skonsolidowany bez informacji debugowania
freetype.lib(truetype.obj) : warning LNK4099: nie znaleziono pliku PDB „freetype.pdb” z elementem „freetype.lib(truetype.obj)” lub w pozycji „E:\Visual\Programs\Go Game\Release\freetype.pdb”; obiekt zostanie skonsolidowany bez informacji debugowania
freetype.lib(type1.obj) : warning LNK4099: nie znaleziono pliku PDB „freetype.pdb” z elementem „freetype.lib(type1.obj)” lub w pozycji „E:\Visual\Programs\Go Game\Release\freetype.pdb”; obiekt zostanie skonsolidowany bez informacji debugowania
freetype.lib(type42.obj) : warning LNK4099: nie znaleziono pliku PDB „freetype.pdb” z elementem „freetype.lib(type42.obj)” lub w pozycji „E:\Visual\Programs\Go Game\Release\freetype.pdb”; obiekt zostanie skonsolidowany bez informacji debugowania
freetype.lib(winfnt.obj) : warning LNK4099: nie znaleziono pliku PDB „” z elementem „freetype.lib(winfnt.obj)” lub w pozycji „”; obiekt zostanie skonsolidowany bez informacji debugowania
  Go Game.vcxproj -> E:\Visual\Programs\Go Game\Release\Go Game.exe
