stdio    D         file_stdio.c:110  file_stdio_fopen                 [   0.00000] opening E:\Visual\Programs\Go Game\Debug\allegro5.cfg r
system   D            wsystem.c:819  maybe_parent_dir                 [   0.00000] Also searching E:\Visual\Programs\Go Game\
system   D            wsystem.c:874  _al_win_safe_load_library        [   0.00000] PathFindOnPath found: C:\WINDOWS\system32\shcore.dll
system   D            wsystem.c:780  load_library_at_path             [   0.00000] Calling LoadLibrary C:\WINDOWS\system32\shcore.dll
system   I            wsystem.c:783  load_library_at_path             [   0.00000] Loaded C:\WINDOWS\system32\shcore.dll
system   I             system.c:271  al_install_system                [   0.00000] Allegro version: 5.2.7
system   D            wsystem.c:819  maybe_parent_dir                 [   0.00144] Also searching E:\Visual\Programs\Go Game\
system   D            wsystem.c:874  _al_win_safe_load_library        [   0.00311] PathFindOnPath found: C:\WINDOWS\system32\d3d9.dll
system   D            wsystem.c:780  load_library_at_path             [   0.00333] Calling LoadLibrary C:\WINDOWS\system32\d3d9.dll
system   I            wsystem.c:783  load_library_at_path             [   0.01387] Loaded C:\WINDOWS\system32\d3d9.dll
d3d      I         d3d_disp.cpp:684  d3d_init_display                 [   0.06654] Render-to-texture: 1
d3d      I         d3d_disp.cpp:1782 d3d_create_display_locked        [   0.07118] faux_fullscreen=0
d3d      D         d3d_disp.cpp:1783 d3d_create_display_locked        [   0.07140] al_display=011EB258
d3d      D         d3d_disp.cpp:1784 d3d_create_display_locked        [   0.07157] al_display->vt=011BC338
d3d      I d3d_display_formats.cpp:144  _al_d3d_generate_display_format_list [   0.08292] found 288 format combinations
display  D   display_settings.c:212  debug_display_settings           [   0.08318] color: 32 (rgba 8880), depth: 0, stencil: 0, acc: 0000, samples: 0/0
display  D   display_settings.c:527  _al_score_display_settings       [   0.08335] Score is : 641
display  D   display_settings.c:212  debug_display_settings           [   0.08350] color: 32 (rgba 8880), depth: 0, stencil: 0, acc: 0000, samples: 0/0
display  D   display_settings.c:527  _al_score_display_settings       [   0.08370] Score is : 641
display  D   display_settings.c:212  debug_display_settings           [   0.08385] color: 32 (rgba 8880), depth: 0, stencil: 0, acc: 0000, samples: 2/1
display  D   display_settings.c:527  _al_score_display_settings       [   0.08403] Score is : 785
display  D   display_settings.c:212  debug_display_settings           [   0.08475] color: 32 (rgba 8880), depth: 0, stencil: 0, acc: 0000, samples: 3/1
display  D   display_settings.c:527  _al_score_display_settings       [   0.08510] Score is : 793
display  D   display_settings.c:212  debug_display_settings           [   0.08523] color: 32 (rgba 8880), depth: 0, stencil: 0, acc: 0000, samples: 4/1
display  D   display_settings.c:527  _al_score_display_settings       [   0.08537] Score is : 801
display  D   display_settings.c:212  debug_display_settings           [   0.08548] color: 32 (rgba 8880), depth: 0, stencil: 0, acc: 0000, samples: 5/1
display  D   display_settings.c:527  _al_score_display_settings       [   0.08562] Score is : 809
display  D   display_settings.c:212  debug_display_settings           [   0.08578] color: 32 (rgba 8880), depth: 0, stencil: 0, acc: 0000, samples: 6/1
display  D   display_settings.c:527  _al_score_display_settings       [   0.08595] Score is : 817
display  D   display_settings.c:212  debug_display_settings           [   0.08611] color: 32 (rgba 8880), depth: 0, stencil: 0, acc: 0000, samples: 7/1
display  D   display_settings.c:527  _al_score_display_settings       [   0.08627] Score is : 825
display  D   display_settings.c:212  debug_display_settings           [   0.08641] color: 32 (rgba 8880), depth: 0, stencil: 0, acc: 0000, samples: 8/1
display  D   display_settings.c:527  _al_score_display_settings       [   0.08658] Score is : 897
display  D   display_settings.c:212  debug_display_settings           [   0.08671] color: 32 (rgba 8880), depth: 24, stencil: 8, acc: 0000, samples: 0/0
display  D   display_settings.c:527  _al_score_display_settings       [   0.08691] Score is : 641
display  D   display_settings.c:212  debug_display_settings           [   0.08703] color: 32 (rgba 8880), depth: 24, stencil: 8, acc: 0000, samples: 0/0
display  D   display_settings.c:527  _al_score_display_settings       [   0.08715] Score is : 641
display  D   display_settings.c:212  debug_display_settings           [   0.08727] color: 32 (rgba 8880), depth: 24, stencil: 8, acc: 0000, samples: 2/1
display  D   display_settings.c:527  _al_score_display_settings       [   0.08740] Score is : 785
display  D   display_settings.c:212  debug_display_settings           [   0.08753] color: 32 (rgba 8880), depth: 24, stencil: 8, acc: 0000, samples: 3/1
display  D   display_settings.c:527  _al_score_display_settings       [   0.08766] Score is : 793
display  D   display_settings.c:212  debug_display_settings           [   0.08777] color: 32 (rgba 8880), depth: 24, stencil: 8, acc: 0000, samples: 4/1
display  D   display_settings.c:527  _al_score_display_settings       [   0.08789] Score is : 801
display  D   display_settings.c:212  debug_display_settings           [   0.08802] color: 32 (rgba 8880), depth: 24, stencil: 8, acc: 0000, samples: 5/1
display  D   display_settings.c:527  _al_score_display_settings       [   0.08817] Score is : 809
display  D   display_settings.c:212  debug_display_settings           [   0.08830] color: 32 (rgba 8880), depth: 24, stencil: 8, acc: 0000, samples: 6/1
display  D   display_settings.c:527  _al_score_display_settings       [   0.08843] Score is : 817
display  D   display_settings.c:212  debug_display_settings           [   0.08855] color: 32 (rgba 8880), depth: 24, stencil: 8, acc: 0000, samples: 7/1
display  D   display_settings.c:527  _al_score_display_settings       [   0.08869] Score is : 825
display  D   display_settings.c:212  debug_display_settings           [   0.08882] color: 32 (rgba 8880), depth: 24, stencil: 8, acc: 0000, samples: 8/1
display  D   display_settings.c:527  _al_score_display_settings       [   0.08896] Score is : 897
display  D   display_settings.c:212  debug_display_settings           [   0.08908] color: 32 (rgba 8880), depth: 24, stencil: 0, acc: 0000, samples: 0/0
display  D   display_settings.c:527  _al_score_display_settings       [   0.08921] Score is : 641
display  D   display_settings.c:212  debug_display_settings           [   0.08937] color: 32 (rgba 8880), depth: 24, stencil: 0, acc: 0000, samples: 0/0
display  D   display_settings.c:527  _al_score_display_settings       [   0.08968] Score is : 641
display  D   display_settings.c:212  debug_display_settings           [   0.08986] color: 32 (rgba 8880), depth: 24, stencil: 0, acc: 0000, samples: 2/1
display  D   display_settings.c:527  _al_score_display_settings       [   0.09005] Score is : 785
display  D   display_settings.c:212  debug_display_settings           [   0.09022] color: 32 (rgba 8880), depth: 24, stencil: 0, acc: 0000, samples: 3/1
display  D   display_settings.c:527  _al_score_display_settings       [   0.09045] Score is : 793
display  D   display_settings.c:212  debug_display_settings           [   0.09060] color: 32 (rgba 8880), depth: 24, stencil: 0, acc: 0000, samples: 4/1
display  D   display_settings.c:527  _al_score_display_settings       [   0.09075] Score is : 801
display  D   display_settings.c:212  debug_display_settings           [   0.09088] color: 32 (rgba 8880), depth: 24, stencil: 0, acc: 0000, samples: 5/1
display  D   display_settings.c:527  _al_score_display_settings       [   0.09102] Score is : 809
display  D   display_settings.c:212  debug_display_settings           [   0.09117] color: 32 (rgba 8880), depth: 24, stencil: 0, acc: 0000, samples: 6/1
display  D   display_settings.c:527  _al_score_display_settings       [   0.09134] Score is : 817
display  D   display_settings.c:212  debug_display_settings           [   0.09150] color: 32 (rgba 8880), depth: 24, stencil: 0, acc: 0000, samples: 7/1
display  D   display_settings.c:527  _al_score_display_settings       [   0.09175] Score is : 825
display  D   display_settings.c:212  debug_display_settings           [   0.09193] color: 32 (rgba 8880), depth: 24, stencil: 0, acc: 0000, samples: 8/1
display  D   display_settings.c:527  _al_score_display_settings       [   0.09212] Score is : 897
display  D   display_settings.c:212  debug_display_settings           [   0.09229] color: 32 (rgba 8880), depth: 16, stencil: 0, acc: 0000, samples: 0/0
display  D   display_settings.c:527  _al_score_display_settings       [   0.09246] Score is : 641
display  D   display_settings.c:212  debug_display_settings           [   0.09261] color: 32 (rgba 8880), depth: 16, stencil: 0, acc: 0000, samples: 0/0
display  D   display_settings.c:527  _al_score_display_settings       [   0.09275] Score is : 641
display  D   display_settings.c:212  debug_display_settings           [   0.09288] color: 32 (rgba 8880), depth: 16, stencil: 0, acc: 0000, samples: 2/1
display  D   display_settings.c:527  _al_score_display_settings       [   0.09302] Score is : 785
display  D   display_settings.c:212  debug_display_settings           [   0.09316] color: 32 (rgba 8880), depth: 16, stencil: 0, acc: 0000, samples: 3/1
display  D   display_settings.c:527  _al_score_display_settings       [   0.09331] Score is : 793
display  D   display_settings.c:212  debug_display_settings           [   0.09343] color: 32 (rgba 8880), depth: 16, stencil: 0, acc: 0000, samples: 4/1
display  D   display_settings.c:527  _al_score_display_settings       [   0.09356] Score is : 801
display  D   display_settings.c:212  debug_display_settings           [   0.09367] color: 32 (rgba 8880), depth: 16, stencil: 0, acc: 0000, samples: 5/1
display  D   display_settings.c:527  _al_score_display_settings       [   0.09380] Score is : 809
display  D   display_settings.c:212  debug_display_settings           [   0.09392] color: 32 (rgba 8880), depth: 16, stencil: 0, acc: 0000, samples: 6/1
display  D   display_settings.c:527  _al_score_display_settings       [   0.09406] Score is : 817
display  D   display_settings.c:212  debug_display_settings           [   0.09418] color: 32 (rgba 8880), depth: 16, stencil: 0, acc: 0000, samples: 7/1
display  D   display_settings.c:527  _al_score_display_settings       [   0.09431] Score is : 825
display  D   display_settings.c:212  debug_display_settings           [   0.09442] color: 32 (rgba 8880), depth: 16, stencil: 0, acc: 0000, samples: 8/1
display  D   display_settings.c:527  _al_score_display_settings       [   0.09455] Score is : 897
display  D   display_settings.c:212  debug_display_settings           [   0.09468] color: 16 (rgba 5650), depth: 0, stencil: 0, acc: 0000, samples: 0/0
display  D   display_settings.c:527  _al_score_display_settings       [   0.09484] Score is : 641
display  D   display_settings.c:212  debug_display_settings           [   0.09500] color: 16 (rgba 5650), depth: 0, stencil: 0, acc: 0000, samples: 0/0
display  D   display_settings.c:527  _al_score_display_settings       [   0.09518] Score is : 641
display  D   display_settings.c:212  debug_display_settings           [   0.09534] color: 16 (rgba 5650), depth: 0, stencil: 0, acc: 0000, samples: 2/1
display  D   display_settings.c:527  _al_score_display_settings       [   0.09550] Score is : 785
display  D   display_settings.c:212  debug_display_settings           [   0.09566] color: 16 (rgba 5650), depth: 0, stencil: 0, acc: 0000, samples: 3/1
display  D   display_settings.c:527  _al_score_display_settings       [   0.09591] Score is : 793
display  D   display_settings.c:212  debug_display_settings           [   0.09605] color: 16 (rgba 5650), depth: 0, stencil: 0, acc: 0000, samples: 4/1
display  D   display_settings.c:527  _al_score_display_settings       [   0.09620] Score is : 801
display  D   display_settings.c:212  debug_display_settings           [   0.09633] color: 16 (rgba 5650), depth: 0, stencil: 0, acc: 0000, samples: 5/1
display  D   display_settings.c:527  _al_score_display_settings       [   0.09653] Score is : 809
display  D   display_settings.c:212  debug_display_settings           [   0.09667] color: 16 (rgba 5650), depth: 0, stencil: 0, acc: 0000, samples: 6/1
display  D   display_settings.c:527  _al_score_display_settings       [   0.09685] Score is : 817
display  D   display_settings.c:212  debug_display_settings           [   0.09699] color: 16 (rgba 5650), depth: 0, stencil: 0, acc: 0000, samples: 7/1
display  D   display_settings.c:527  _al_score_display_settings       [   0.09715] Score is : 825
display  D   display_settings.c:212  debug_display_settings           [   0.09730] color: 16 (rgba 5650), depth: 0, stencil: 0, acc: 0000, samples: 8/1
display  D   display_settings.c:527  _al_score_display_settings       [   0.09746] Score is : 897
display  D   display_settings.c:212  debug_display_settings           [   0.09761] color: 16 (rgba 5650), depth: 24, stencil: 8, acc: 0000, samples: 0/0
display  D   display_settings.c:527  _al_score_display_settings       [   0.09776] Score is : 641
display  D   display_settings.c:212  debug_display_settings           [   0.09788] color: 16 (rgba 5650), depth: 24, stencil: 8, acc: 0000, samples: 0/0
display  D   display_settings.c:527  _al_score_display_settings       [   0.09803] Score is : 641
display  D   display_settings.c:212  debug_display_settings           [   0.09816] color: 16 (rgba 5650), depth: 24, stencil: 8, acc: 0000, samples: 2/1
display  D   display_settings.c:527  _al_score_display_settings       [   0.09829] Score is : 785
display  D   display_settings.c:212  debug_display_settings           [   0.09840] color: 16 (rgba 5650), depth: 24, stencil: 8, acc: 0000, samples: 3/1
display  D   display_settings.c:527  _al_score_display_settings       [   0.09856] Score is : 793
display  D   display_settings.c:212  debug_display_settings           [   0.09871] color: 16 (rgba 5650), depth: 24, stencil: 8, acc: 0000, samples: 4/1
display  D   display_settings.c:527  _al_score_display_settings       [   0.09884] Score is : 801
display  D   display_settings.c:212  debug_display_settings           [   0.09897] color: 16 (rgba 5650), depth: 24, stencil: 8, acc: 0000, samples: 5/1
display  D   display_settings.c:527  _al_score_display_settings       [   0.09912] Score is : 809
display  D   display_settings.c:212  debug_display_settings           [   0.09925] color: 16 (rgba 5650), depth: 24, stencil: 8, acc: 0000, samples: 6/1
display  D   display_settings.c:527  _al_score_display_settings       [   0.09940] Score is : 817
display  D   display_settings.c:212  debug_display_settings           [   0.09953] color: 16 (rgba 5650), depth: 24, stencil: 8, acc: 0000, samples: 7/1
display  D   display_settings.c:527  _al_score_display_settings       [   0.09966] Score is : 825
display  D   display_settings.c:212  debug_display_settings           [   0.09978] color: 16 (rgba 5650), depth: 24, stencil: 8, acc: 0000, samples: 8/1
display  D   display_settings.c:527  _al_score_display_settings       [   0.09993] Score is : 897
display  D   display_settings.c:212  debug_display_settings           [   0.10006] color: 16 (rgba 5650), depth: 24, stencil: 0, acc: 0000, samples: 0/0
display  D   display_settings.c:527  _al_score_display_settings       [   0.10020] Score is : 641
display  D   display_settings.c:212  debug_display_settings           [   0.10032] color: 16 (rgba 5650), depth: 24, stencil: 0, acc: 0000, samples: 0/0
display  D   display_settings.c:527  _al_score_display_settings       [   0.10046] Score is : 641
display  D   display_settings.c:212  debug_display_settings           [   0.10057] color: 16 (rgba 5650), depth: 24, stencil: 0, acc: 0000, samples: 2/1
display  D   display_settings.c:527  _al_score_display_settings       [   0.10069] Score is : 785
display  D   display_settings.c:212  debug_display_settings           [   0.10080] color: 16 (rgba 5650), depth: 24, stencil: 0, acc: 0000, samples: 3/1
display  D   display_settings.c:527  _al_score_display_settings       [   0.10092] Score is : 793
display  D   display_settings.c:212  debug_display_settings           [   0.10109] color: 16 (rgba 5650), depth: 24, stencil: 0, acc: 0000, samples: 4/1
display  D   display_settings.c:527  _al_score_display_settings       [   0.10124] Score is : 801
display  D   display_settings.c:212  debug_display_settings           [   0.10136] color: 16 (rgba 5650), depth: 24, stencil: 0, acc: 0000, samples: 5/1
display  D   display_settings.c:527  _al_score_display_settings       [   0.10151] Score is : 809
display  D   display_settings.c:212  debug_display_settings           [   0.10164] color: 16 (rgba 5650), depth: 24, stencil: 0, acc: 0000, samples: 6/1
display  D   display_settings.c:527  _al_score_display_settings       [   0.10179] Score is : 817
display  D   display_settings.c:212  debug_display_settings           [   0.10194] color: 16 (rgba 5650), depth: 24, stencil: 0, acc: 0000, samples: 7/1
display  D   display_settings.c:527  _al_score_display_settings       [   0.10206] Score is : 825
display  D   display_settings.c:212  debug_display_settings           [   0.10219] color: 16 (rgba 5650), depth: 24, stencil: 0, acc: 0000, samples: 8/1
display  D   display_settings.c:527  _al_score_display_settings       [   0.10233] Score is : 897
display  D   display_settings.c:212  debug_display_settings           [   0.10245] color: 16 (rgba 5650), depth: 16, stencil: 0, acc: 0000, samples: 0/0
display  D   display_settings.c:527  _al_score_display_settings       [   0.10258] Score is : 641
display  D   display_settings.c:212  debug_display_settings           [   0.10268] color: 16 (rgba 5650), depth: 16, stencil: 0, acc: 0000, samples: 0/0
display  D   display_settings.c:527  _al_score_display_settings       [   0.10280] Score is : 641
display  D   display_settings.c:212  debug_display_settings           [   0.10291] color: 16 (rgba 5650), depth: 16, stencil: 0, acc: 0000, samples: 2/1
display  D   display_settings.c:527  _al_score_display_settings       [   0.10302] Score is : 785
display  D   display_settings.c:212  debug_display_settings           [   0.10312] color: 16 (rgba 5650), depth: 16, stencil: 0, acc: 0000, samples: 3/1
display  D   display_settings.c:527  _al_score_display_settings       [   0.10323] Score is : 793
display  D   display_settings.c:212  debug_display_settings           [   0.10337] color: 16 (rgba 5650), depth: 16, stencil: 0, acc: 0000, samples: 4/1
display  D   display_settings.c:527  _al_score_display_settings       [   0.10351] Score is : 801
display  D   display_settings.c:212  debug_display_settings           [   0.10362] color: 16 (rgba 5650), depth: 16, stencil: 0, acc: 0000, samples: 5/1
display  D   display_settings.c:527  _al_score_display_settings       [   0.10378] Score is : 809
display  D   display_settings.c:212  debug_display_settings           [   0.10392] color: 16 (rgba 5650), depth: 16, stencil: 0, acc: 0000, samples: 6/1
display  D   display_settings.c:527  _al_score_display_settings       [   0.10405] Score is : 817
display  D   display_settings.c:212  debug_display_settings           [   0.10416] color: 16 (rgba 5650), depth: 16, stencil: 0, acc: 0000, samples: 7/1
display  D   display_settings.c:527  _al_score_display_settings       [   0.10429] Score is : 825
display  D   display_settings.c:212  debug_display_settings           [   0.10441] color: 16 (rgba 5650), depth: 16, stencil: 0, acc: 0000, samples: 8/1
display  D   display_settings.c:527  _al_score_display_settings       [   0.10457] Score is : 897
display  D   display_settings.c:212  debug_display_settings           [   0.10471] color: 32 (rgba 8880), depth: 0, stencil: 0, acc: 0000, samples: 0/0
display  D   display_settings.c:398  _al_score_display_settings       [   0.10486] Single Buffer requirement not met.
display  D   display_settings.c:212  debug_display_settings           [   0.10500] color: 32 (rgba 8880), depth: 0, stencil: 0, acc: 0000, samples: 0/0
display  D   display_settings.c:398  _al_score_display_settings       [   0.10515] Single Buffer requirement not met.
display  D   display_settings.c:212  debug_display_settings           [   0.10535] color: 32 (rgba 8880), depth: 0, stencil: 0, acc: 0000, samples: 2/1
display  D   display_settings.c:398  _al_score_display_settings       [   0.10551] Single Buffer requirement not met.
display  D   display_settings.c:212  debug_display_settings           [   0.10565] color: 32 (rgba 8880), depth: 0, stencil: 0, acc: 0000, samples: 3/1
display  D   display_settings.c:398  _al_score_display_settings       [   0.10580] Single Buffer requirement not met.
display  D   display_settings.c:212  debug_display_settings           [   0.10594] color: 32 (rgba 8880), depth: 0, stencil: 0, acc: 0000, samples: 4/1
display  D   display_settings.c:398  _al_score_display_settings       [   0.10610] Single Buffer requirement not met.
display  D   display_settings.c:212  debug_display_settings           [   0.10625] color: 32 (rgba 8880), depth: 0, stencil: 0, acc: 0000, samples: 5/1
display  D   display_settings.c:398  _al_score_display_settings       [   0.10640] Single Buffer requirement not met.
display  D   display_settings.c:212  debug_display_settings           [   0.10652] color: 32 (rgba 8880), depth: 0, stencil: 0, acc: 0000, samples: 6/1
display  D   display_settings.c:398  _al_score_display_settings       [   0.10668] Single Buffer requirement not met.
display  D   display_settings.c:212  debug_display_settings           [   0.10684] color: 32 (rgba 8880), depth: 0, stencil: 0, acc: 0000, samples: 7/1
display  D   display_settings.c:398  _al_score_display_settings       [   0.10699] Single Buffer requirement not met.
display  D   display_settings.c:212  debug_display_settings           [   0.10713] color: 32 (rgba 8880), depth: 0, stencil: 0, acc: 0000, samples: 8/1
display  D   display_settings.c:398  _al_score_display_settings       [   0.10727] Single Buffer requirement not met.
display  D   display_settings.c:212  debug_display_settings           [   0.10739] color: 32 (rgba 8880), depth: 24, stencil: 8, acc: 0000, samples: 0/0
display  D   display_settings.c:398  _al_score_display_settings       [   0.10752] Single Buffer requirement not met.
display  D   display_settings.c:212  debug_display_settings           [   0.10765] color: 32 (rgba 8880), depth: 24, stencil: 8, acc: 0000, samples: 0/0
display  D   display_settings.c:398  _al_score_display_settings       [   0.10781] Single Buffer requirement not met.
display  D   display_settings.c:212  debug_display_settings           [   0.10793] color: 32 (rgba 8880), depth: 24, stencil: 8, acc: 0000, samples: 2/1
display  D   display_settings.c:398  _al_score_display_settings       [   0.10807] Single Buffer requirement not met.
display  D   display_settings.c:212  debug_display_settings           [   0.10821] color: 32 (rgba 8880), depth: 24, stencil: 8, acc: 0000, samples: 3/1
display  D   display_settings.c:398  _al_score_display_settings       [   0.10835] Single Buffer requirement not met.
display  D   display_settings.c:212  debug_display_settings           [   0.10847] color: 32 (rgba 8880), depth: 24, stencil: 8, acc: 0000, samples: 4/1
display  D   display_settings.c:398  _al_score_display_settings       [   0.10861] Single Buffer requirement not met.
display  D   display_settings.c:212  debug_display_settings           [   0.10876] color: 32 (rgba 8880), depth: 24, stencil: 8, acc: 0000, samples: 5/1
display  D   display_settings.c:398  _al_score_display_settings       [   0.10888] Single Buffer requirement not met.
display  D   display_settings.c:212  debug_display_settings           [   0.10902] color: 32 (rgba 8880), depth: 24, stencil: 8, acc: 0000, samples: 6/1
display  D   display_settings.c:398  _al_score_display_settings       [   0.10918] Single Buffer requirement not met.
display  D   display_settings.c:212  debug_display_settings           [   0.10930] color: 32 (rgba 8880), depth: 24, stencil: 8, acc: 0000, samples: 7/1
display  D   display_settings.c:398  _al_score_display_settings       [   0.10945] Single Buffer requirement not met.
display  D   display_settings.c:212  debug_display_settings           [   0.10960] color: 32 (rgba 8880), depth: 24, stencil: 8, acc: 0000, samples: 8/1
display  D   display_settings.c:398  _al_score_display_settings       [   0.10976] Single Buffer requirement not met.
display  D   display_settings.c:212  debug_display_settings           [   0.10990] color: 32 (rgba 8880), depth: 24, stencil: 0, acc: 0000, samples: 0/0
display  D   display_settings.c:398  _al_score_display_settings       [   0.11004] Single Buffer requirement not met.
display  D   display_settings.c:212  debug_display_settings           [   0.11016] color: 32 (rgba 8880), depth: 24, stencil: 0, acc: 0000, samples: 0/0
display  D   display_settings.c:398  _al_score_display_settings       [   0.11033] Single Buffer requirement not met.
display  D   display_settings.c:212  debug_display_settings           [   0.11046] color: 32 (rgba 8880), depth: 24, stencil: 0, acc: 0000, samples: 2/1
display  D   display_settings.c:398  _al_score_display_settings       [   0.11061] Single Buffer requirement not met.
display  D   display_settings.c:212  debug_display_settings           [   0.11076] color: 32 (rgba 8880), depth: 24, stencil: 0, acc: 0000, samples: 3/1
display  D   display_settings.c:398  _al_score_display_settings       [   0.11092] Single Buffer requirement not met.
display  D   display_settings.c:212  debug_display_settings           [   0.11105] color: 32 (rgba 8880), depth: 24, stencil: 0, acc: 0000, samples: 4/1
display  D   display_settings.c:398  _al_score_display_settings       [   0.11120] Single Buffer requirement not met.
display  D   display_settings.c:212  debug_display_settings           [   0.11137] color: 32 (rgba 8880), depth: 24, stencil: 0, acc: 0000, samples: 5/1
display  D   display_settings.c:398  _al_score_display_settings       [   0.11152] Single Buffer requirement not met.
display  D   display_settings.c:212  debug_display_settings           [   0.11164] color: 32 (rgba 8880), depth: 24, stencil: 0, acc: 0000, samples: 6/1
display  D   display_settings.c:398  _al_score_display_settings       [   0.11181] Single Buffer requirement not met.
display  D   display_settings.c:212  debug_display_settings           [   0.11195] color: 32 (rgba 8880), depth: 24, stencil: 0, acc: 0000, samples: 7/1
display  D   display_settings.c:398  _al_score_display_settings       [   0.11208] Single Buffer requirement not met.
display  D   display_settings.c:212  debug_display_settings           [   0.11219] color: 32 (rgba 8880), depth: 24, stencil: 0, acc: 0000, samples: 8/1
display  D   display_settings.c:398  _al_score_display_settings       [   0.11232] Single Buffer requirement not met.
display  D   display_settings.c:212  debug_display_settings           [   0.11245] color: 32 (rgba 8880), depth: 16, stencil: 0, acc: 0000, samples: 0/0
display  D   display_settings.c:398  _al_score_display_settings       [   0.11260] Single Buffer requirement not met.
display  D   display_settings.c:212  debug_display_settings           [   0.11278] color: 32 (rgba 8880), depth: 16, stencil: 0, acc: 0000, samples: 0/0
display  D   display_settings.c:398  _al_score_display_settings       [   0.11292] Single Buffer requirement not met.
display  D   display_settings.c:212  debug_display_settings           [   0.11314] color: 32 (rgba 8880), depth: 16, stencil: 0, acc: 0000, samples: 2/1
display  D   display_settings.c:398  _al_score_display_settings       [   0.11329] Single Buffer requirement not met.
display  D   display_settings.c:212  debug_display_settings           [   0.11342] color: 32 (rgba 8880), depth: 16, stencil: 0, acc: 0000, samples: 3/1
display  D   display_settings.c:398  _al_score_display_settings       [   0.11356] Single Buffer requirement not met.
display  D   display_settings.c:212  debug_display_settings           [   0.11371] color: 32 (rgba 8880), depth: 16, stencil: 0, acc: 0000, samples: 4/1
display  D   display_settings.c:398  _al_score_display_settings       [   0.11385] Single Buffer requirement not met.
display  D   display_settings.c:212  debug_display_settings           [   0.11397] color: 32 (rgba 8880), depth: 16, stencil: 0, acc: 0000, samples: 5/1
display  D   display_settings.c:398  _al_score_display_settings       [   0.11409] Single Buffer requirement not met.
display  D   display_settings.c:212  debug_display_settings           [   0.11421] color: 32 (rgba 8880), depth: 16, stencil: 0, acc: 0000, samples: 6/1
display  D   display_settings.c:398  _al_score_display_settings       [   0.11431] Single Buffer requirement not met.
display  D   display_settings.c:212  debug_display_settings           [   0.11440] color: 32 (rgba 8880), depth: 16, stencil: 0, acc: 0000, samples: 7/1
display  D   display_settings.c:398  _al_score_display_settings       [   0.11452] Single Buffer requirement not met.
display  D   display_settings.c:212  debug_display_settings           [   0.11464] color: 32 (rgba 8880), depth: 16, stencil: 0, acc: 0000, samples: 8/1
display  D   display_settings.c:398  _al_score_display_settings       [   0.11477] Single Buffer requirement not met.
display  D   display_settings.c:212  debug_display_settings           [   0.11488] color: 16 (rgba 5650), depth: 0, stencil: 0, acc: 0000, samples: 0/0
display  D   display_settings.c:398  _al_score_display_settings       [   0.11504] Single Buffer requirement not met.
display  D   display_settings.c:212  debug_display_settings           [   0.11518] color: 16 (rgba 5650), depth: 0, stencil: 0, acc: 0000, samples: 0/0
display  D   display_settings.c:398  _al_score_display_settings       [   0.11533] Single Buffer requirement not met.
display  D   display_settings.c:212  debug_display_settings           [   0.11547] color: 16 (rgba 5650), depth: 0, stencil: 0, acc: 0000, samples: 2/1
display  D   display_settings.c:398  _al_score_display_settings       [   0.11565] Single Buffer requirement not met.
display  D   display_settings.c:212  debug_display_settings           [   0.11579] color: 16 (rgba 5650), depth: 0, stencil: 0, acc: 0000, samples: 3/1
display  D   display_settings.c:398  _al_score_display_settings       [   0.11598] Single Buffer requirement not met.
display  D   display_settings.c:212  debug_display_settings           [   0.11615] color: 16 (rgba 5650), depth: 0, stencil: 0, acc: 0000, samples: 4/1
display  D   display_settings.c:398  _al_score_display_settings       [   0.11632] Single Buffer requirement not met.
display  D   display_settings.c:212  debug_display_settings           [   0.11646] color: 16 (rgba 5650), depth: 0, stencil: 0, acc: 0000, samples: 5/1
display  D   display_settings.c:398  _al_score_display_settings       [   0.11663] Single Buffer requirement not met.
display  D   display_settings.c:212  debug_display_settings           [   0.11679] color: 16 (rgba 5650), depth: 0, stencil: 0, acc: 0000, samples: 6/1
display  D   display_settings.c:398  _al_score_display_settings       [   0.11694] Single Buffer requirement not met.
display  D   display_settings.c:212  debug_display_settings           [   0.11709] color: 16 (rgba 5650), depth: 0, stencil: 0, acc: 0000, samples: 7/1
display  D   display_settings.c:398  _al_score_display_settings       [   0.11727] Single Buffer requirement not met.
display  D   display_settings.c:212  debug_display_settings           [   0.11744] color: 16 (rgba 5650), depth: 0, stencil: 0, acc: 0000, samples: 8/1
display  D   display_settings.c:398  _al_score_display_settings       [   0.11763] Single Buffer requirement not met.
display  D   display_settings.c:212  debug_display_settings           [   0.11781] color: 16 (rgba 5650), depth: 24, stencil: 8, acc: 0000, samples: 0/0
display  D   display_settings.c:398  _al_score_display_settings       [   0.11798] Single Buffer requirement not met.
display  D   display_settings.c:212  debug_display_settings           [   0.11813] color: 16 (rgba 5650), depth: 24, stencil: 8, acc: 0000, samples: 0/0
display  D   display_settings.c:398  _al_score_display_settings       [   0.11830] Single Buffer requirement not met.
display  D   display_settings.c:212  debug_display_settings           [   0.11852] color: 16 (rgba 5650), depth: 24, stencil: 8, acc: 0000, samples: 2/1
display  D   display_settings.c:398  _al_score_display_settings       [   0.11872] Single Buffer requirement not met.
display  D   display_settings.c:212  debug_display_settings           [   0.11888] color: 16 (rgba 5650), depth: 24, stencil: 8, acc: 0000, samples: 3/1
display  D   display_settings.c:398  _al_score_display_settings       [   0.11906] Single Buffer requirement not met.
display  D   display_settings.c:212  debug_display_settings           [   0.11923] color: 16 (rgba 5650), depth: 24, stencil: 8, acc: 0000, samples: 4/1
display  D   display_settings.c:398  _al_score_display_settings       [   0.11940] Single Buffer requirement not met.
display  D   display_settings.c:212  debug_display_settings           [   0.11955] color: 16 (rgba 5650), depth: 24, stencil: 8, acc: 0000, samples: 5/1
display  D   display_settings.c:398  _al_score_display_settings       [   0.11975] Single Buffer requirement not met.
display  D   display_settings.c:212  debug_display_settings           [   0.11993] color: 16 (rgba 5650), depth: 24, stencil: 8, acc: 0000, samples: 6/1
display  D   display_settings.c:398  _al_score_display_settings       [   0.12009] Single Buffer requirement not met.
display  D   display_settings.c:212  debug_display_settings           [   0.12025] color: 16 (rgba 5650), depth: 24, stencil: 8, acc: 0000, samples: 7/1
display  D   display_settings.c:398  _al_score_display_settings       [   0.12042] Single Buffer requirement not met.
display  D   display_settings.c:212  debug_display_settings           [   0.12059] color: 16 (rgba 5650), depth: 24, stencil: 8, acc: 0000, samples: 8/1
display  D   display_settings.c:398  _al_score_display_settings       [   0.12077] Single Buffer requirement not met.
display  D   display_settings.c:212  debug_display_settings           [   0.12093] color: 16 (rgba 5650), depth: 24, stencil: 0, acc: 0000, samples: 0/0
display  D   display_settings.c:398  _al_score_display_settings       [   0.12108] Single Buffer requirement not met.
display  D   display_settings.c:212  debug_display_settings           [   0.12121] color: 16 (rgba 5650), depth: 24, stencil: 0, acc: 0000, samples: 0/0
display  D   display_settings.c:398  _al_score_display_settings       [   0.12136] Single Buffer requirement not met.
display  D   display_settings.c:212  debug_display_settings           [   0.12151] color: 16 (rgba 5650), depth: 24, stencil: 0, acc: 0000, samples: 2/1
display  D   display_settings.c:398  _al_score_display_settings       [   0.12167] Single Buffer requirement not met.
display  D   display_settings.c:212  debug_display_settings           [   0.12182] color: 16 (rgba 5650), depth: 24, stencil: 0, acc: 0000, samples: 3/1
display  D   display_settings.c:398  _al_score_display_settings       [   0.12201] Single Buffer requirement not met.
display  D   display_settings.c:212  debug_display_settings           [   0.12218] color: 16 (rgba 5650), depth: 24, stencil: 0, acc: 0000, samples: 4/1
display  D   display_settings.c:398  _al_score_display_settings       [   0.12237] Single Buffer requirement not met.
display  D   display_settings.c:212  debug_display_settings           [   0.12255] color: 16 (rgba 5650), depth: 24, stencil: 0, acc: 0000, samples: 5/1
display  D   display_settings.c:398  _al_score_display_settings       [   0.12273] Single Buffer requirement not met.
display  D   display_settings.c:212  debug_display_settings           [   0.12287] color: 16 (rgba 5650), depth: 24, stencil: 0, acc: 0000, samples: 6/1
display  D   display_settings.c:398  _al_score_display_settings       [   0.12301] Single Buffer requirement not met.
display  D   display_settings.c:212  debug_display_settings           [   0.12315] color: 16 (rgba 5650), depth: 24, stencil: 0, acc: 0000, samples: 7/1
display  D   display_settings.c:398  _al_score_display_settings       [   0.12330] Single Buffer requirement not met.
display  D   display_settings.c:212  debug_display_settings           [   0.12342] color: 16 (rgba 5650), depth: 24, stencil: 0, acc: 0000, samples: 8/1
display  D   display_settings.c:398  _al_score_display_settings       [   0.12358] Single Buffer requirement not met.
display  D   display_settings.c:212  debug_display_settings           [   0.12373] color: 16 (rgba 5650), depth: 16, stencil: 0, acc: 0000, samples: 0/0
display  D   display_settings.c:398  _al_score_display_settings       [   0.12387] Single Buffer requirement not met.
display  D   display_settings.c:212  debug_display_settings           [   0.12401] color: 16 (rgba 5650), depth: 16, stencil: 0, acc: 0000, samples: 0/0
display  D   display_settings.c:398  _al_score_display_settings       [   0.12418] Single Buffer requirement not met.
display  D   display_settings.c:212  debug_display_settings           [   0.12436] color: 16 (rgba 5650), depth: 16, stencil: 0, acc: 0000, samples: 2/1
display  D   display_settings.c:398  _al_score_display_settings       [   0.12456] Single Buffer requirement not met.
display  D   display_settings.c:212  debug_display_settings           [   0.12482] color: 16 (rgba 5650), depth: 16, stencil: 0, acc: 0000, samples: 3/1
display  D   display_settings.c:398  _al_score_display_settings       [   0.12498] Single Buffer requirement not met.
display  D   display_settings.c:212  debug_display_settings           [   0.12513] color: 16 (rgba 5650), depth: 16, stencil: 0, acc: 0000, samples: 4/1
display  D   display_settings.c:398  _al_score_display_settings       [   0.12532] Single Buffer requirement not met.
display  D   display_settings.c:212  debug_display_settings           [   0.12547] color: 16 (rgba 5650), depth: 16, stencil: 0, acc: 0000, samples: 5/1
display  D   display_settings.c:398  _al_score_display_settings       [   0.12563] Single Buffer requirement not met.
display  D   display_settings.c:212  debug_display_settings           [   0.12575] color: 16 (rgba 5650), depth: 16, stencil: 0, acc: 0000, samples: 6/1
display  D   display_settings.c:398  _al_score_display_settings       [   0.12589] Single Buffer requirement not met.
display  D   display_settings.c:212  debug_display_settings           [   0.12604] color: 16 (rgba 5650), depth: 16, stencil: 0, acc: 0000, samples: 7/1
display  D   display_settings.c:398  _al_score_display_settings       [   0.12619] Single Buffer requirement not met.
display  D   display_settings.c:212  debug_display_settings           [   0.12632] color: 16 (rgba 5650), depth: 16, stencil: 0, acc: 0000, samples: 8/1
display  D   display_settings.c:398  _al_score_display_settings       [   0.12647] Single Buffer requirement not met.
display  D   display_settings.c:212  debug_display_settings           [   0.12660] color: 32 (rgba 8880), depth: 0, stencil: 0, acc: 0000, samples: 0/0
display  D   display_settings.c:527  _al_score_display_settings       [   0.12676] Score is : 513
display  D   display_settings.c:212  debug_display_settings           [   0.12692] color: 32 (rgba 8880), depth: 0, stencil: 0, acc: 0000, samples: 0/0
display  D   display_settings.c:527  _al_score_display_settings       [   0.12708] Score is : 513
display  D   display_settings.c:212  debug_display_settings           [   0.12721] color: 32 (rgba 8880), depth: 0, stencil: 0, acc: 0000, samples: 2/1
display  D   display_settings.c:527  _al_score_display_settings       [   0.12735] Score is : 657
display  D   display_settings.c:212  debug_display_settings           [   0.12747] color: 32 (rgba 8880), depth: 0, stencil: 0, acc: 0000, samples: 3/1
display  D   display_settings.c:527  _al_score_display_settings       [   0.12765] Score is : 665
display  D   display_settings.c:212  debug_display_settings           [   0.12788] color: 32 (rgba 8880), depth: 0, stencil: 0, acc: 0000, samples: 4/1
display  D   display_settings.c:527  _al_score_display_settings       [   0.12806] Score is : 673
display  D   display_settings.c:212  debug_display_settings           [   0.12822] color: 32 (rgba 8880), depth: 0, stencil: 0, acc: 0000, samples: 5/1
display  D   display_settings.c:527  _al_score_display_settings       [   0.12843] Score is : 681
display  D   display_settings.c:212  debug_display_settings           [   0.12861] color: 32 (rgba 8880), depth: 0, stencil: 0, acc: 0000, samples: 6/1
display  D   display_settings.c:527  _al_score_display_settings       [   0.12880] Score is : 689
display  D   display_settings.c:212  debug_display_settings           [   0.12898] color: 32 (rgba 8880), depth: 0, stencil: 0, acc: 0000, samples: 7/1
display  D   display_settings.c:527  _al_score_display_settings       [   0.12917] Score is : 697
display  D   display_settings.c:212  debug_display_settings           [   0.12933] color: 32 (rgba 8880), depth: 0, stencil: 0, acc: 0000, samples: 8/1
display  D   display_settings.c:527  _al_score_display_settings       [   0.12954] Score is : 769
display  D   display_settings.c:212  debug_display_settings           [   0.12973] color: 32 (rgba 8880), depth: 24, stencil: 8, acc: 0000, samples: 0/0
display  D   display_settings.c:527  _al_score_display_settings       [   0.12991] Score is : 513
display  D   display_settings.c:212  debug_display_settings           [   0.13008] color: 32 (rgba 8880), depth: 24, stencil: 8, acc: 0000, samples: 0/0
display  D   display_settings.c:527  _al_score_display_settings       [   0.13024] Score is : 513
display  D   display_settings.c:212  debug_display_settings           [   0.13038] color: 32 (rgba 8880), depth: 24, stencil: 8, acc: 0000, samples: 2/1
display  D   display_settings.c:527  _al_score_display_settings       [   0.13051] Score is : 657
display  D   display_settings.c:212  debug_display_settings           [   0.13063] color: 32 (rgba 8880), depth: 24, stencil: 8, acc: 0000, samples: 3/1
display  D   display_settings.c:527  _al_score_display_settings       [   0.13076] Score is : 665
display  D   display_settings.c:212  debug_display_settings           [   0.13088] color: 32 (rgba 8880), depth: 24, stencil: 8, acc: 0000, samples: 4/1
display  D   display_settings.c:527  _al_score_display_settings       [   0.13101] Score is : 673
display  D   display_settings.c:212  debug_display_settings           [   0.13116] color: 32 (rgba 8880), depth: 24, stencil: 8, acc: 0000, samples: 5/1
display  D   display_settings.c:527  _al_score_display_settings       [   0.13132] Score is : 681
display  D   display_settings.c:212  debug_display_settings           [   0.13144] color: 32 (rgba 8880), depth: 24, stencil: 8, acc: 0000, samples: 6/1
display  D   display_settings.c:527  _al_score_display_settings       [   0.13156] Score is : 689
display  D   display_settings.c:212  debug_display_settings           [   0.13168] color: 32 (rgba 8880), depth: 24, stencil: 8, acc: 0000, samples: 7/1
display  D   display_settings.c:527  _al_score_display_settings       [   0.13182] Score is : 697
display  D   display_settings.c:212  debug_display_settings           [   0.13197] color: 32 (rgba 8880), depth: 24, stencil: 8, acc: 0000, samples: 8/1
display  D   display_settings.c:527  _al_score_display_settings       [   0.13215] Score is : 769
display  D   display_settings.c:212  debug_display_settings           [   0.13229] color: 32 (rgba 8880), depth: 24, stencil: 0, acc: 0000, samples: 0/0
display  D   display_settings.c:527  _al_score_display_settings       [   0.13243] Score is : 513
display  D   display_settings.c:212  debug_display_settings           [   0.13256] color: 32 (rgba 8880), depth: 24, stencil: 0, acc: 0000, samples: 0/0
display  D   display_settings.c:527  _al_score_display_settings       [   0.13271] Score is : 513
display  D   display_settings.c:212  debug_display_settings           [   0.13286] color: 32 (rgba 8880), depth: 24, stencil: 0, acc: 0000, samples: 2/1
display  D   display_settings.c:527  _al_score_display_settings       [   0.13301] Score is : 657
display  D   display_settings.c:212  debug_display_settings           [   0.13317] color: 32 (rgba 8880), depth: 24, stencil: 0, acc: 0000, samples: 3/1
display  D   display_settings.c:527  _al_score_display_settings       [   0.13333] Score is : 665
display  D   display_settings.c:212  debug_display_settings           [   0.13348] color: 32 (rgba 8880), depth: 24, stencil: 0, acc: 0000, samples: 4/1
display  D   display_settings.c:527  _al_score_display_settings       [   0.13364] Score is : 673
display  D   display_settings.c:212  debug_display_settings           [   0.13382] color: 32 (rgba 8880), depth: 24, stencil: 0, acc: 0000, samples: 5/1
display  D   display_settings.c:527  _al_score_display_settings       [   0.13400] Score is : 681
display  D   display_settings.c:212  debug_display_settings           [   0.13415] color: 32 (rgba 8880), depth: 24, stencil: 0, acc: 0000, samples: 6/1
display  D   display_settings.c:527  _al_score_display_settings       [   0.13431] Score is : 689
display  D   display_settings.c:212  debug_display_settings           [   0.13448] color: 32 (rgba 8880), depth: 24, stencil: 0, acc: 0000, samples: 7/1
display  D   display_settings.c:527  _al_score_display_settings       [   0.13465] Score is : 697
display  D   display_settings.c:212  debug_display_settings           [   0.13480] color: 32 (rgba 8880), depth: 24, stencil: 0, acc: 0000, samples: 8/1
display  D   display_settings.c:527  _al_score_display_settings       [   0.13496] Score is : 769
display  D   display_settings.c:212  debug_display_settings           [   0.13512] color: 32 (rgba 8880), depth: 16, stencil: 0, acc: 0000, samples: 0/0
display  D   display_settings.c:527  _al_score_display_settings       [   0.13529] Score is : 513
display  D   display_settings.c:212  debug_display_settings           [   0.13544] color: 32 (rgba 8880), depth: 16, stencil: 0, acc: 0000, samples: 0/0
display  D   display_settings.c:527  _al_score_display_settings       [   0.13558] Score is : 513
display  D   display_settings.c:212  debug_display_settings           [   0.13573] color: 32 (rgba 8880), depth: 16, stencil: 0, acc: 0000, samples: 2/1
display  D   display_settings.c:527  _al_score_display_settings       [   0.13590] Score is : 657
display  D   display_settings.c:212  debug_display_settings           [   0.13606] color: 32 (rgba 8880), depth: 16, stencil: 0, acc: 0000, samples: 3/1
display  D   display_settings.c:527  _al_score_display_settings       [   0.13626] Score is : 665
display  D   display_settings.c:212  debug_display_settings           [   0.13643] color: 32 (rgba 8880), depth: 16, stencil: 0, acc: 0000, samples: 4/1
display  D   display_settings.c:527  _al_score_display_settings       [   0.13657] Score is : 673
display  D   display_settings.c:212  debug_display_settings           [   0.13670] color: 32 (rgba 8880), depth: 16, stencil: 0, acc: 0000, samples: 5/1
display  D   display_settings.c:527  _al_score_display_settings       [   0.13684] Score is : 681
display  D   display_settings.c:212  debug_display_settings           [   0.13695] color: 32 (rgba 8880), depth: 16, stencil: 0, acc: 0000, samples: 6/1
display  D   display_settings.c:527  _al_score_display_settings       [   0.13709] Score is : 689
display  D   display_settings.c:212  debug_display_settings           [   0.13722] color: 32 (rgba 8880), depth: 16, stencil: 0, acc: 0000, samples: 7/1
display  D   display_settings.c:527  _al_score_display_settings       [   0.13736] Score is : 697
display  D   display_settings.c:212  debug_display_settings           [   0.13750] color: 32 (rgba 8880), depth: 16, stencil: 0, acc: 0000, samples: 8/1
display  D   display_settings.c:527  _al_score_display_settings       [   0.13763] Score is : 769
display  D   display_settings.c:212  debug_display_settings           [   0.13776] color: 16 (rgba 5650), depth: 0, stencil: 0, acc: 0000, samples: 0/0
display  D   display_settings.c:527  _al_score_display_settings       [   0.13790] Score is : 513
display  D   display_settings.c:212  debug_display_settings           [   0.13810] color: 16 (rgba 5650), depth: 0, stencil: 0, acc: 0000, samples: 0/0
display  D   display_settings.c:527  _al_score_display_settings       [   0.13825] Score is : 513
display  D   display_settings.c:212  debug_display_settings           [   0.13836] color: 16 (rgba 5650), depth: 0, stencil: 0, acc: 0000, samples: 2/1
display  D   display_settings.c:527  _al_score_display_settings       [   0.13847] Score is : 657
display  D   display_settings.c:212  debug_display_settings           [   0.13861] color: 16 (rgba 5650), depth: 0, stencil: 0, acc: 0000, samples: 3/1
display  D   display_settings.c:527  _al_score_display_settings       [   0.13875] Score is : 665
display  D   display_settings.c:212  debug_display_settings           [   0.13889] color: 16 (rgba 5650), depth: 0, stencil: 0, acc: 0000, samples: 4/1
display  D   display_settings.c:527  _al_score_display_settings       [   0.13903] Score is : 673
display  D   display_settings.c:212  debug_display_settings           [   0.13918] color: 16 (rgba 5650), depth: 0, stencil: 0, acc: 0000, samples: 5/1
display  D   display_settings.c:527  _al_score_display_settings       [   0.13936] Score is : 681
display  D   display_settings.c:212  debug_display_settings           [   0.13951] color: 16 (rgba 5650), depth: 0, stencil: 0, acc: 0000, samples: 6/1
display  D   display_settings.c:527  _al_score_display_settings       [   0.13965] Score is : 689
display  D   display_settings.c:212  debug_display_settings           [   0.13979] color: 16 (rgba 5650), depth: 0, stencil: 0, acc: 0000, samples: 7/1
display  D   display_settings.c:527  _al_score_display_settings       [   0.13993] Score is : 697
display  D   display_settings.c:212  debug_display_settings           [   0.14004] color: 16 (rgba 5650), depth: 0, stencil: 0, acc: 0000, samples: 8/1
display  D   display_settings.c:527  _al_score_display_settings       [   0.14017] Score is : 769
display  D   display_settings.c:212  debug_display_settings           [   0.14027] color: 16 (rgba 5650), depth: 24, stencil: 8, acc: 0000, samples: 0/0
display  D   display_settings.c:527  _al_score_display_settings       [   0.14040] Score is : 513
display  D   display_settings.c:212  debug_display_settings           [   0.14051] color: 16 (rgba 5650), depth: 24, stencil: 8, acc: 0000, samples: 0/0
display  D   display_settings.c:527  _al_score_display_settings       [   0.14064] Score is : 513
display  D   display_settings.c:212  debug_display_settings           [   0.14077] color: 16 (rgba 5650), depth: 24, stencil: 8, acc: 0000, samples: 2/1
display  D   display_settings.c:527  _al_score_display_settings       [   0.14090] Score is : 657
display  D   display_settings.c:212  debug_display_settings           [   0.14101] color: 16 (rgba 5650), depth: 24, stencil: 8, acc: 0000, samples: 3/1
display  D   display_settings.c:527  _al_score_display_settings       [   0.14113] Score is : 665
display  D   display_settings.c:212  debug_display_settings           [   0.14125] color: 16 (rgba 5650), depth: 24, stencil: 8, acc: 0000, samples: 4/1
display  D   display_settings.c:527  _al_score_display_settings       [   0.14140] Score is : 673
display  D   display_settings.c:212  debug_display_settings           [   0.14153] color: 16 (rgba 5650), depth: 24, stencil: 8, acc: 0000, samples: 5/1
display  D   display_settings.c:527  _al_score_display_settings       [   0.14166] Score is : 681
display  D   display_settings.c:212  debug_display_settings           [   0.14179] color: 16 (rgba 5650), depth: 24, stencil: 8, acc: 0000, samples: 6/1
display  D   display_settings.c:527  _al_score_display_settings       [   0.14197] Score is : 689
display  D   display_settings.c:212  debug_display_settings           [   0.14212] color: 16 (rgba 5650), depth: 24, stencil: 8, acc: 0000, samples: 7/1
display  D   display_settings.c:527  _al_score_display_settings       [   0.14227] Score is : 697
display  D   display_settings.c:212  debug_display_settings           [   0.14241] color: 16 (rgba 5650), depth: 24, stencil: 8, acc: 0000, samples: 8/1
display  D   display_settings.c:527  _al_score_display_settings       [   0.14254] Score is : 769
display  D   display_settings.c:212  debug_display_settings           [   0.14266] color: 16 (rgba 5650), depth: 24, stencil: 0, acc: 0000, samples: 0/0
display  D   display_settings.c:527  _al_score_display_settings       [   0.14284] Score is : 513
display  D   display_settings.c:212  debug_display_settings           [   0.14301] color: 16 (rgba 5650), depth: 24, stencil: 0, acc: 0000, samples: 0/0
display  D   display_settings.c:527  _al_score_display_settings       [   0.14317] Score is : 513
display  D   display_settings.c:212  debug_display_settings           [   0.14332] color: 16 (rgba 5650), depth: 24, stencil: 0, acc: 0000, samples: 2/1
display  D   display_settings.c:527  _al_score_display_settings       [   0.14348] Score is : 657
display  D   display_settings.c:212  debug_display_settings           [   0.14362] color: 16 (rgba 5650), depth: 24, stencil: 0, acc: 0000, samples: 3/1
display  D   display_settings.c:527  _al_score_display_settings       [   0.14377] Score is : 665
display  D   display_settings.c:212  debug_display_settings           [   0.14390] color: 16 (rgba 5650), depth: 24, stencil: 0, acc: 0000, samples: 4/1
display  D   display_settings.c:527  _al_score_display_settings       [   0.14404] Score is : 673
display  D   display_settings.c:212  debug_display_settings           [   0.14415] color: 16 (rgba 5650), depth: 24, stencil: 0, acc: 0000, samples: 5/1
display  D   display_settings.c:527  _al_score_display_settings       [   0.14429] Score is : 681
display  D   display_settings.c:212  debug_display_settings           [   0.14443] color: 16 (rgba 5650), depth: 24, stencil: 0, acc: 0000, samples: 6/1
display  D   display_settings.c:527  _al_score_display_settings       [   0.14460] Score is : 689
display  D   display_settings.c:212  debug_display_settings           [   0.14475] color: 16 (rgba 5650), depth: 24, stencil: 0, acc: 0000, samples: 7/1
display  D   display_settings.c:527  _al_score_display_settings       [   0.14490] Score is : 697
display  D   display_settings.c:212  debug_display_settings           [   0.14506] color: 16 (rgba 5650), depth: 24, stencil: 0, acc: 0000, samples: 8/1
display  D   display_settings.c:527  _al_score_display_settings       [   0.14524] Score is : 769
display  D   display_settings.c:212  debug_display_settings           [   0.14538] color: 16 (rgba 5650), depth: 16, stencil: 0, acc: 0000, samples: 0/0
display  D   display_settings.c:527  _al_score_display_settings       [   0.14554] Score is : 513
display  D   display_settings.c:212  debug_display_settings           [   0.14568] color: 16 (rgba 5650), depth: 16, stencil: 0, acc: 0000, samples: 0/0
display  D   display_settings.c:527  _al_score_display_settings       [   0.14583] Score is : 513
display  D   display_settings.c:212  debug_display_settings           [   0.14597] color: 16 (rgba 5650), depth: 16, stencil: 0, acc: 0000, samples: 2/1
display  D   display_settings.c:527  _al_score_display_settings       [   0.14613] Score is : 657
display  D   display_settings.c:212  debug_display_settings           [   0.14625] color: 16 (rgba 5650), depth: 16, stencil: 0, acc: 0000, samples: 3/1
display  D   display_settings.c:527  _al_score_display_settings       [   0.14639] Score is : 665
display  D   display_settings.c:212  debug_display_settings           [   0.14650] color: 16 (rgba 5650), depth: 16, stencil: 0, acc: 0000, samples: 4/1
display  D   display_settings.c:527  _al_score_display_settings       [   0.14666] Score is : 673
display  D   display_settings.c:212  debug_display_settings           [   0.14680] color: 16 (rgba 5650), depth: 16, stencil: 0, acc: 0000, samples: 5/1
display  D   display_settings.c:527  _al_score_display_settings       [   0.14695] Score is : 681
display  D   display_settings.c:212  debug_display_settings           [   0.14711] color: 16 (rgba 5650), depth: 16, stencil: 0, acc: 0000, samples: 6/1
display  D   display_settings.c:527  _al_score_display_settings       [   0.14724] Score is : 689
display  D   display_settings.c:212  debug_display_settings           [   0.14737] color: 16 (rgba 5650), depth: 16, stencil: 0, acc: 0000, samples: 7/1
display  D   display_settings.c:527  _al_score_display_settings       [   0.14750] Score is : 697
display  D   display_settings.c:212  debug_display_settings           [   0.14763] color: 16 (rgba 5650), depth: 16, stencil: 0, acc: 0000, samples: 8/1
display  D   display_settings.c:527  _al_score_display_settings       [   0.14778] Score is : 769
display  D   display_settings.c:212  debug_display_settings           [   0.14790] color: 32 (rgba 8880), depth: 0, stencil: 0, acc: 0000, samples: 0/0
display  D   display_settings.c:398  _al_score_display_settings       [   0.14804] Single Buffer requirement not met.
display  D   display_settings.c:212  debug_display_settings           [   0.14817] color: 32 (rgba 8880), depth: 0, stencil: 0, acc: 0000, samples: 0/0
display  D   display_settings.c:398  _al_score_display_settings       [   0.14830] Single Buffer requirement not met.
display  D   display_settings.c:212  debug_display_settings           [   0.14843] color: 32 (rgba 8880), depth: 0, stencil: 0, acc: 0000, samples: 2/1
display  D   display_settings.c:398  _al_score_display_settings       [   0.14856] Single Buffer requirement not met.
display  D   display_settings.c:212  debug_display_settings           [   0.14871] color: 32 (rgba 8880), depth: 0, stencil: 0, acc: 0000, samples: 3/1
display  D   display_settings.c:398  _al_score_display_settings       [   0.14887] Single Buffer requirement not met.
display  D   display_settings.c:212  debug_display_settings           [   0.14899] color: 32 (rgba 8880), depth: 0, stencil: 0, acc: 0000, samples: 4/1
display  D   display_settings.c:398  _al_score_display_settings       [   0.14914] Single Buffer requirement not met.
display  D   display_settings.c:212  debug_display_settings           [   0.14926] color: 32 (rgba 8880), depth: 0, stencil: 0, acc: 0000, samples: 5/1
display  D   display_settings.c:398  _al_score_display_settings       [   0.14945] Single Buffer requirement not met.
display  D   display_settings.c:212  debug_display_settings           [   0.14960] color: 32 (rgba 8880), depth: 0, stencil: 0, acc: 0000, samples: 6/1
display  D   display_settings.c:398  _al_score_display_settings       [   0.14975] Single Buffer requirement not met.
display  D   display_settings.c:212  debug_display_settings           [   0.14989] color: 32 (rgba 8880), depth: 0, stencil: 0, acc: 0000, samples: 7/1
display  D   display_settings.c:398  _al_score_display_settings       [   0.15004] Single Buffer requirement not met.
display  D   display_settings.c:212  debug_display_settings           [   0.15018] color: 32 (rgba 8880), depth: 0, stencil: 0, acc: 0000, samples: 8/1
display  D   display_settings.c:398  _al_score_display_settings       [   0.15033] Single Buffer requirement not met.
display  D   display_settings.c:212  debug_display_settings           [   0.15046] color: 32 (rgba 8880), depth: 24, stencil: 8, acc: 0000, samples: 0/0
display  D   display_settings.c:398  _al_score_display_settings       [   0.15061] Single Buffer requirement not met.
display  D   display_settings.c:212  debug_display_settings           [   0.15073] color: 32 (rgba 8880), depth: 24, stencil: 8, acc: 0000, samples: 0/0
display  D   display_settings.c:398  _al_score_display_settings       [   0.15088] Single Buffer requirement not met.
display  D   display_settings.c:212  debug_display_settings           [   0.15102] color: 32 (rgba 8880), depth: 24, stencil: 8, acc: 0000, samples: 2/1
display  D   display_settings.c:398  _al_score_display_settings       [   0.15116] Single Buffer requirement not met.
display  D   display_settings.c:212  debug_display_settings           [   0.15129] color: 32 (rgba 8880), depth: 24, stencil: 8, acc: 0000, samples: 3/1
display  D   display_settings.c:398  _al_score_display_settings       [   0.15144] Single Buffer requirement not met.
display  D   display_settings.c:212  debug_display_settings           [   0.15159] color: 32 (rgba 8880), depth: 24, stencil: 8, acc: 0000, samples: 4/1
display  D   display_settings.c:398  _al_score_display_settings       [   0.15174] Single Buffer requirement not met.
display  D   display_settings.c:212  debug_display_settings           [   0.15187] color: 32 (rgba 8880), depth: 24, stencil: 8, acc: 0000, samples: 5/1
display  D   display_settings.c:398  _al_score_display_settings       [   0.15207] Single Buffer requirement not met.
display  D   display_settings.c:212  debug_display_settings           [   0.15219] color: 32 (rgba 8880), depth: 24, stencil: 8, acc: 0000, samples: 6/1
display  D   display_settings.c:398  _al_score_display_settings       [   0.15235] Single Buffer requirement not met.
display  D   display_settings.c:212  debug_display_settings           [   0.15249] color: 32 (rgba 8880), depth: 24, stencil: 8, acc: 0000, samples: 7/1
display  D   display_settings.c:398  _al_score_display_settings       [   0.15264] Single Buffer requirement not met.
display  D   display_settings.c:212  debug_display_settings           [   0.15279] color: 32 (rgba 8880), depth: 24, stencil: 8, acc: 0000, samples: 8/1
display  D   display_settings.c:398  _al_score_display_settings       [   0.15294] Single Buffer requirement not met.
display  D   display_settings.c:212  debug_display_settings           [   0.15307] color: 32 (rgba 8880), depth: 24, stencil: 0, acc: 0000, samples: 0/0
display  D   display_settings.c:398  _al_score_display_settings       [   0.15323] Single Buffer requirement not met.
display  D   display_settings.c:212  debug_display_settings           [   0.15336] color: 32 (rgba 8880), depth: 24, stencil: 0, acc: 0000, samples: 0/0
display  D   display_settings.c:398  _al_score_display_settings       [   0.15350] Single Buffer requirement not met.
display  D   display_settings.c:212  debug_display_settings           [   0.15362] color: 32 (rgba 8880), depth: 24, stencil: 0, acc: 0000, samples: 2/1
display  D   display_settings.c:398  _al_score_display_settings       [   0.15374] Single Buffer requirement not met.
display  D   display_settings.c:212  debug_display_settings           [   0.15388] color: 32 (rgba 8880), depth: 24, stencil: 0, acc: 0000, samples: 3/1
display  D   display_settings.c:398  _al_score_display_settings       [   0.15402] Single Buffer requirement not met.
display  D   display_settings.c:212  debug_display_settings           [   0.15415] color: 32 (rgba 8880), depth: 24, stencil: 0, acc: 0000, samples: 4/1
display  D   display_settings.c:398  _al_score_display_settings       [   0.15430] Single Buffer requirement not met.
display  D   display_settings.c:212  debug_display_settings           [   0.15444] color: 32 (rgba 8880), depth: 24, stencil: 0, acc: 0000, samples: 5/1
display  D   display_settings.c:398  _al_score_display_settings       [   0.15459] Single Buffer requirement not met.
display  D   display_settings.c:212  debug_display_settings           [   0.15474] color: 32 (rgba 8880), depth: 24, stencil: 0, acc: 0000, samples: 6/1
display  D   display_settings.c:398  _al_score_display_settings       [   0.15488] Single Buffer requirement not met.
display  D   display_settings.c:212  debug_display_settings           [   0.15501] color: 32 (rgba 8880), depth: 24, stencil: 0, acc: 0000, samples: 7/1
display  D   display_settings.c:398  _al_score_display_settings       [   0.15514] Single Buffer requirement not met.
display  D   display_settings.c:212  debug_display_settings           [   0.15528] color: 32 (rgba 8880), depth: 24, stencil: 0, acc: 0000, samples: 8/1
display  D   display_settings.c:398  _al_score_display_settings       [   0.15546] Single Buffer requirement not met.
display  D   display_settings.c:212  debug_display_settings           [   0.15563] color: 32 (rgba 8880), depth: 16, stencil: 0, acc: 0000, samples: 0/0
display  D   display_settings.c:398  _al_score_display_settings       [   0.15580] Single Buffer requirement not met.
display  D   display_settings.c:212  debug_display_settings           [   0.15594] color: 32 (rgba 8880), depth: 16, stencil: 0, acc: 0000, samples: 0/0
display  D   display_settings.c:398  _al_score_display_settings       [   0.15619] Single Buffer requirement not met.
display  D   display_settings.c:212  debug_display_settings           [   0.15633] color: 32 (rgba 8880), depth: 16, stencil: 0, acc: 0000, samples: 2/1
display  D   display_settings.c:398  _al_score_display_settings       [   0.15647] Single Buffer requirement not met.
display  D   display_settings.c:212  debug_display_settings           [   0.15659] color: 32 (rgba 8880), depth: 16, stencil: 0, acc: 0000, samples: 3/1
display  D   display_settings.c:398  _al_score_display_settings       [   0.15675] Single Buffer requirement not met.
display  D   display_settings.c:212  debug_display_settings           [   0.15688] color: 32 (rgba 8880), depth: 16, stencil: 0, acc: 0000, samples: 4/1
display  D   display_settings.c:398  _al_score_display_settings       [   0.15704] Single Buffer requirement not met.
display  D   display_settings.c:212  debug_display_settings           [   0.15722] color: 32 (rgba 8880), depth: 16, stencil: 0, acc: 0000, samples: 5/1
display  D   display_settings.c:398  _al_score_display_settings       [   0.15738] Single Buffer requirement not met.
display  D   display_settings.c:212  debug_display_settings           [   0.15755] color: 32 (rgba 8880), depth: 16, stencil: 0, acc: 0000, samples: 6/1
display  D   display_settings.c:398  _al_score_display_settings       [   0.15772] Single Buffer requirement not met.
display  D   display_settings.c:212  debug_display_settings           [   0.15786] color: 32 (rgba 8880), depth: 16, stencil: 0, acc: 0000, samples: 7/1
display  D   display_settings.c:398  _al_score_display_settings       [   0.15799] Single Buffer requirement not met.
display  D   display_settings.c:212  debug_display_settings           [   0.15816] color: 32 (rgba 8880), depth: 16, stencil: 0, acc: 0000, samples: 8/1
display  D   display_settings.c:398  _al_score_display_settings       [   0.15832] Single Buffer requirement not met.
display  D   display_settings.c:212  debug_display_settings           [   0.15847] color: 16 (rgba 5650), depth: 0, stencil: 0, acc: 0000, samples: 0/0
display  D   display_settings.c:398  _al_score_display_settings       [   0.15862] Single Buffer requirement not met.
display  D   display_settings.c:212  debug_display_settings           [   0.15877] color: 16 (rgba 5650), depth: 0, stencil: 0, acc: 0000, samples: 0/0
display  D   display_settings.c:398  _al_score_display_settings       [   0.15894] Single Buffer requirement not met.
display  D   display_settings.c:212  debug_display_settings           [   0.15909] color: 16 (rgba 5650), depth: 0, stencil: 0, acc: 0000, samples: 2/1
display  D   display_settings.c:398  _al_score_display_settings       [   0.15925] Single Buffer requirement not met.
display  D   display_settings.c:212  debug_display_settings           [   0.15942] color: 16 (rgba 5650), depth: 0, stencil: 0, acc: 0000, samples: 3/1
display  D   display_settings.c:398  _al_score_display_settings       [   0.15959] Single Buffer requirement not met.
display  D   display_settings.c:212  debug_display_settings           [   0.15974] color: 16 (rgba 5650), depth: 0, stencil: 0, acc: 0000, samples: 4/1
display  D   display_settings.c:398  _al_score_display_settings       [   0.15989] Single Buffer requirement not met.
display  D   display_settings.c:212  debug_display_settings           [   0.16002] color: 16 (rgba 5650), depth: 0, stencil: 0, acc: 0000, samples: 5/1
display  D   display_settings.c:398  _al_score_display_settings       [   0.16017] Single Buffer requirement not met.
display  D   display_settings.c:212  debug_display_settings           [   0.16031] color: 16 (rgba 5650), depth: 0, stencil: 0, acc: 0000, samples: 6/1
display  D   display_settings.c:398  _al_score_display_settings       [   0.16047] Single Buffer requirement not met.
display  D   display_settings.c:212  debug_display_settings           [   0.16060] color: 16 (rgba 5650), depth: 0, stencil: 0, acc: 0000, samples: 7/1
display  D   display_settings.c:398  _al_score_display_settings       [   0.16084] Single Buffer requirement not met.
display  D   display_settings.c:212  debug_display_settings           [   0.16097] color: 16 (rgba 5650), depth: 0, stencil: 0, acc: 0000, samples: 8/1
display  D   display_settings.c:398  _al_score_display_settings       [   0.16114] Single Buffer requirement not met.
display  D   display_settings.c:212  debug_display_settings           [   0.16128] color: 16 (rgba 5650), depth: 24, stencil: 8, acc: 0000, samples: 0/0
display  D   display_settings.c:398  _al_score_display_settings       [   0.16141] Single Buffer requirement not met.
display  D   display_settings.c:212  debug_display_settings           [   0.16152] color: 16 (rgba 5650), depth: 24, stencil: 8, acc: 0000, samples: 0/0
display  D   display_settings.c:398  _al_score_display_settings       [   0.16167] Single Buffer requirement not met.
display  D   display_settings.c:212  debug_display_settings           [   0.16180] color: 16 (rgba 5650), depth: 24, stencil: 8, acc: 0000, samples: 2/1
display  D   display_settings.c:398  _al_score_display_settings       [   0.16194] Single Buffer requirement not met.
display  D   display_settings.c:212  debug_display_settings           [   0.16208] color: 16 (rgba 5650), depth: 24, stencil: 8, acc: 0000, samples: 3/1
display  D   display_settings.c:398  _al_score_display_settings       [   0.16222] Single Buffer requirement not met.
display  D   display_settings.c:212  debug_display_settings           [   0.16238] color: 16 (rgba 5650), depth: 24, stencil: 8, acc: 0000, samples: 4/1
display  D   display_settings.c:398  _al_score_display_settings       [   0.16254] Single Buffer requirement not met.
display  D   display_settings.c:212  debug_display_settings           [   0.16268] color: 16 (rgba 5650), depth: 24, stencil: 8, acc: 0000, samples: 5/1
display  D   display_settings.c:398  _al_score_display_settings       [   0.16284] Single Buffer requirement not met.
display  D   display_settings.c:212  debug_display_settings           [   0.16298] color: 16 (rgba 5650), depth: 24, stencil: 8, acc: 0000, samples: 6/1
display  D   display_settings.c:398  _al_score_display_settings       [   0.16313] Single Buffer requirement not met.
display  D   display_settings.c:212  debug_display_settings           [   0.16327] color: 16 (rgba 5650), depth: 24, stencil: 8, acc: 0000, samples: 7/1
display  D   display_settings.c:398  _al_score_display_settings       [   0.16342] Single Buffer requirement not met.
display  D   display_settings.c:212  debug_display_settings           [   0.16356] color: 16 (rgba 5650), depth: 24, stencil: 8, acc: 0000, samples: 8/1
display  D   display_settings.c:398  _al_score_display_settings       [   0.16371] Single Buffer requirement not met.
display  D   display_settings.c:212  debug_display_settings           [   0.16390] color: 16 (rgba 5650), depth: 24, stencil: 0, acc: 0000, samples: 0/0
display  D   display_settings.c:398  _al_score_display_settings       [   0.16406] Single Buffer requirement not met.
display  D   display_settings.c:212  debug_display_settings           [   0.16421] color: 16 (rgba 5650), depth: 24, stencil: 0, acc: 0000, samples: 0/0
display  D   display_settings.c:398  _al_score_display_settings       [   0.16436] Single Buffer requirement not met.
display  D   display_settings.c:212  debug_display_settings           [   0.16452] color: 16 (rgba 5650), depth: 24, stencil: 0, acc: 0000, samples: 2/1
display  D   display_settings.c:398  _al_score_display_settings       [   0.16468] Single Buffer requirement not met.
display  D   display_settings.c:212  debug_display_settings           [   0.16483] color: 16 (rgba 5650), depth: 24, stencil: 0, acc: 0000, samples: 3/1
display  D   display_settings.c:398  _al_score_display_settings       [   0.16496] Single Buffer requirement not met.
display  D   display_settings.c:212  debug_display_settings           [   0.16511] color: 16 (rgba 5650), depth: 24, stencil: 0, acc: 0000, samples: 4/1
display  D   display_settings.c:398  _al_score_display_settings       [   0.16535] Single Buffer requirement not met.
display  D   display_settings.c:212  debug_display_settings           [   0.16550] color: 16 (rgba 5650), depth: 24, stencil: 0, acc: 0000, samples: 5/1
display  D   display_settings.c:398  _al_score_display_settings       [   0.16563] Single Buffer requirement not met.
display  D   display_settings.c:212  debug_display_settings           [   0.16577] color: 16 (rgba 5650), depth: 24, stencil: 0, acc: 0000, samples: 6/1
display  D   display_settings.c:398  _al_score_display_settings       [   0.16592] Single Buffer requirement not met.
display  D   display_settings.c:212  debug_display_settings           [   0.16606] color: 16 (rgba 5650), depth: 24, stencil: 0, acc: 0000, samples: 7/1
display  D   display_settings.c:398  _al_score_display_settings       [   0.16622] Single Buffer requirement not met.
display  D   display_settings.c:212  debug_display_settings           [   0.16636] color: 16 (rgba 5650), depth: 24, stencil: 0, acc: 0000, samples: 8/1
display  D   display_settings.c:398  _al_score_display_settings       [   0.16649] Single Buffer requirement not met.
display  D   display_settings.c:212  debug_display_settings           [   0.16659] color: 16 (rgba 5650), depth: 16, stencil: 0, acc: 0000, samples: 0/0
display  D   display_settings.c:398  _al_score_display_settings       [   0.16673] Single Buffer requirement not met.
display  D   display_settings.c:212  debug_display_settings           [   0.16686] color: 16 (rgba 5650), depth: 16, stencil: 0, acc: 0000, samples: 0/0
display  D   display_settings.c:398  _al_score_display_settings       [   0.16701] Single Buffer requirement not met.
display  D   display_settings.c:212  debug_display_settings           [   0.16715] color: 16 (rgba 5650), depth: 16, stencil: 0, acc: 0000, samples: 2/1
display  D   display_settings.c:398  _al_score_display_settings       [   0.16730] Single Buffer requirement not met.
display  D   display_settings.c:212  debug_display_settings           [   0.16744] color: 16 (rgba 5650), depth: 16, stencil: 0, acc: 0000, samples: 3/1
display  D   display_settings.c:398  _al_score_display_settings       [   0.16759] Single Buffer requirement not met.
display  D   display_settings.c:212  debug_display_settings           [   0.16771] color: 16 (rgba 5650), depth: 16, stencil: 0, acc: 0000, samples: 4/1
display  D   display_settings.c:398  _al_score_display_settings       [   0.16786] Single Buffer requirement not met.
display  D   display_settings.c:212  debug_display_settings           [   0.16800] color: 16 (rgba 5650), depth: 16, stencil: 0, acc: 0000, samples: 5/1
display  D   display_settings.c:398  _al_score_display_settings       [   0.16814] Single Buffer requirement not met.
display  D   display_settings.c:212  debug_display_settings           [   0.16829] color: 16 (rgba 5650), depth: 16, stencil: 0, acc: 0000, samples: 6/1
display  D   display_settings.c:398  _al_score_display_settings       [   0.16842] Single Buffer requirement not met.
display  D   display_settings.c:212  debug_display_settings           [   0.16854] color: 16 (rgba 5650), depth: 16, stencil: 0, acc: 0000, samples: 7/1
display  D   display_settings.c:398  _al_score_display_settings       [   0.16869] Single Buffer requirement not met.
display  D   display_settings.c:212  debug_display_settings           [   0.16887] color: 16 (rgba 5650), depth: 16, stencil: 0, acc: 0000, samples: 8/1
display  D   display_settings.c:398  _al_score_display_settings       [   0.16902] Single Buffer requirement not met.
d3d      D         d3d_disp.cpp:1682 d3d_create_display_internals     [   0.16929] Trying format 8.
d3d      I         d3d_disp.cpp:1358 d3d_display_thread_proc          [   0.17041] Chose a display format: 23
d3d      I         d3d_disp.cpp:1427 d3d_display_thread_proc          [   0.17055] Normal window.
d3d      I         d3d_disp.cpp:791  d3d_create_device                [   0.23498] Using no depth stencil buffer
d3d      D         d3d_disp.cpp:820  d3d_create_device                [   0.24101] trying D3DCREATE_SOFTWARE_VERTEXPROCESSING
d3d      D         d3d_disp.cpp:825  d3d_create_device                [   0.24130] trying D3DDEVTYPE_REF
d3d      D         d3d_disp.cpp:830  d3d_create_device                [   0.25458] trying D3DDEVTYPE_REF|D3DCREATE_SOFTWARE_VERTEXPROCESSING
d3d      E         d3d_disp.cpp:836  d3d_create_device                [   0.26255] CreateDevice failed: D3DERR_INVALIDCALL
d3d      I         d3d_disp.cpp:915  d3d_destroy_display              [   0.26282] destroying display 011EB258 (current 00000000)
d3d      D         d3d_disp.cpp:899  d3d_destroy_display_internals    [   0.26309] waiting for display 011EB258's thread to end
d3d      D         d3d_disp.cpp:1705 d3d_create_display_internals     [   0.26331] Resumed after wait.
d3d      I         d3d_disp.cpp:1713 d3d_create_display_internals     [   0.26350] Format 0 failed.
d3d      D         d3d_disp.cpp:1721 d3d_create_display_internals     [   0.26758] d3d_display = 011EB258
d3d      D         d3d_disp.cpp:1722 d3d_create_display_internals     [   0.26777] win_display = 011EB258
d3d      D         d3d_disp.cpp:1723 d3d_create_display_internals     [   0.26794] al_display  = 011EB258
d3d      D         d3d_disp.cpp:1682 d3d_create_display_internals     [   0.26810] Trying format 17.
d3d      I         d3d_disp.cpp:1358 d3d_display_thread_proc          [   0.26919] Chose a display format: 23
d3d      I         d3d_disp.cpp:1427 d3d_display_thread_proc          [   0.26957] Normal window.
d3d      I         d3d_disp.cpp:788  d3d_create_device                [   0.29881] Chose depth stencil format 75
d3d      D         d3d_disp.cpp:820  d3d_create_device                [   0.30550] trying D3DCREATE_SOFTWARE_VERTEXPROCESSING
d3d      D         d3d_disp.cpp:825  d3d_create_device                [   0.30584] trying D3DDEVTYPE_REF
d3d      D         d3d_disp.cpp:830  d3d_create_device                [   0.31348] trying D3DDEVTYPE_REF|D3DCREATE_SOFTWARE_VERTEXPROCESSING
d3d      E         d3d_disp.cpp:836  d3d_create_device                [   0.32088] CreateDevice failed: D3DERR_INVALIDCALL
d3d      I         d3d_disp.cpp:915  d3d_destroy_display              [   0.32117] destroying display 011EB258 (current 00000000)
d3d      D         d3d_disp.cpp:899  d3d_destroy_display_internals    [   0.32138] waiting for display 011EB258's thread to end
d3d      D         d3d_disp.cpp:1705 d3d_create_display_internals     [   0.32156] Resumed after wait.
d3d      I         d3d_disp.cpp:1713 d3d_create_display_internals     [   0.32175] Format 1 failed.
d3d      D         d3d_disp.cpp:1721 d3d_create_display_internals     [   0.32662] d3d_display = 011EB258
d3d      D         d3d_disp.cpp:1722 d3d_create_display_internals     [   0.32687] win_display = 011EB258
d3d      D         d3d_disp.cpp:1723 d3d_create_display_internals     [   0.32735] al_display  = 011EB258
d3d      D         d3d_disp.cpp:1682 d3d_create_display_internals     [   0.32753] Trying format 26.
d3d      I         d3d_disp.cpp:1358 d3d_display_thread_proc          [   0.32961] Chose a display format: 23
d3d      I         d3d_disp.cpp:1427 d3d_display_thread_proc          [   0.32987] Normal window.
d3d      I         d3d_disp.cpp:788  d3d_create_device                [   0.34775] Chose depth stencil format 77
d3d      D         d3d_disp.cpp:820  d3d_create_device                [   0.35304] trying D3DCREATE_SOFTWARE_VERTEXPROCESSING
d3d      D         d3d_disp.cpp:825  d3d_create_device                [   0.35334] trying D3DDEVTYPE_REF
d3d      D         d3d_disp.cpp:830  d3d_create_device                [   0.35877] trying D3DDEVTYPE_REF|D3DCREATE_SOFTWARE_VERTEXPROCESSING
d3d      E         d3d_disp.cpp:836  d3d_create_device                [   0.36437] CreateDevice failed: D3DERR_INVALIDCALL
d3d      I         d3d_disp.cpp:915  d3d_destroy_display              [   0.36461] destroying display 011EB258 (current 00000000)
d3d      D         d3d_disp.cpp:899  d3d_destroy_display_internals    [   0.36490] waiting for display 011EB258's thread to end
d3d      D         d3d_disp.cpp:1705 d3d_create_display_internals     [   0.36508] Resumed after wait.
d3d      I         d3d_disp.cpp:1713 d3d_create_display_internals     [   0.36528] Format 2 failed.
d3d      D         d3d_disp.cpp:1721 d3d_create_display_internals     [   0.37087] d3d_display = 011EB258
d3d      D         d3d_disp.cpp:1722 d3d_create_display_internals     [   0.37112] win_display = 011EB258
d3d      D         d3d_disp.cpp:1723 d3d_create_display_internals     [   0.37127] al_display  = 011EB258
d3d      D         d3d_disp.cpp:1682 d3d_create_display_internals     [   0.37139] Trying format 35.
d3d      I         d3d_disp.cpp:1358 d3d_display_thread_proc          [   0.37290] Chose a display format: 23
d3d      I         d3d_disp.cpp:1427 d3d_display_thread_proc          [   0.37307] Normal window.
d3d      I         d3d_disp.cpp:788  d3d_create_device                [   0.38705] Chose depth stencil format 80
d3d      D         d3d_disp.cpp:820  d3d_create_device                [   0.39408] trying D3DCREATE_SOFTWARE_VERTEXPROCESSING
d3d      D         d3d_disp.cpp:825  d3d_create_device                [   0.39433] trying D3DDEVTYPE_REF
d3d      D         d3d_disp.cpp:830  d3d_create_device                [   0.40118] trying D3DDEVTYPE_REF|D3DCREATE_SOFTWARE_VERTEXPROCESSING
d3d      E         d3d_disp.cpp:836  d3d_create_device                [   0.40639] CreateDevice failed: D3DERR_INVALIDCALL
d3d      I         d3d_disp.cpp:915  d3d_destroy_display              [   0.40662] destroying display 011EB258 (current 00000000)
d3d      D         d3d_disp.cpp:899  d3d_destroy_display_internals    [   0.40692] waiting for display 011EB258's thread to end
d3d      D         d3d_disp.cpp:1705 d3d_create_display_internals     [   0.40710] Resumed after wait.
d3d      I         d3d_disp.cpp:1713 d3d_create_display_internals     [   0.40726] Format 3 failed.
d3d      D         d3d_disp.cpp:1721 d3d_create_display_internals     [   0.41156] d3d_display = 011EB258
d3d      D         d3d_disp.cpp:1722 d3d_create_display_internals     [   0.41173] win_display = 011EB258
d3d      D         d3d_disp.cpp:1723 d3d_create_display_internals     [   0.41223] al_display  = 011EB258
d3d      D         d3d_disp.cpp:1682 d3d_create_display_internals     [   0.41240] Trying format 44.
d3d      I         d3d_disp.cpp:1358 d3d_display_thread_proc          [   0.41446] Chose a display format: 13
d3d      I         d3d_disp.cpp:1427 d3d_display_thread_proc          [   0.41465] Normal window.
d3d      I         d3d_disp.cpp:791  d3d_create_device                [   0.43263] Using no depth stencil buffer
d3d      D         d3d_disp.cpp:820  d3d_create_device                [   0.43873] trying D3DCREATE_SOFTWARE_VERTEXPROCESSING
d3d      D         d3d_disp.cpp:825  d3d_create_device                [   0.43903] trying D3DDEVTYPE_REF
d3d      D         d3d_disp.cpp:830  d3d_create_device                [   0.44445] trying D3DDEVTYPE_REF|D3DCREATE_SOFTWARE_VERTEXPROCESSING
d3d      E         d3d_disp.cpp:836  d3d_create_device                [   0.45012] CreateDevice failed: D3DERR_INVALIDCALL
d3d      I         d3d_disp.cpp:915  d3d_destroy_display              [   0.45035] destroying display 011EB258 (current 00000000)
d3d      D         d3d_disp.cpp:899  d3d_destroy_display_internals    [   0.45057] waiting for display 011EB258's thread to end
d3d      D         d3d_disp.cpp:1705 d3d_create_display_internals     [   0.45070] Resumed after wait.
d3d      I         d3d_disp.cpp:1713 d3d_create_display_internals     [   0.45086] Format 4 failed.
d3d      D         d3d_disp.cpp:1721 d3d_create_display_internals     [   0.45539] d3d_display = 011EB258
d3d      D         d3d_disp.cpp:1722 d3d_create_display_internals     [   0.45559] win_display = 011EB258
d3d      D         d3d_disp.cpp:1723 d3d_create_display_internals     [   0.45577] al_display  = 011EB258
d3d      D         d3d_disp.cpp:1682 d3d_create_display_internals     [   0.45639] Trying format 53.
d3d      I         d3d_disp.cpp:1358 d3d_display_thread_proc          [   0.45846] Chose a display format: 13
d3d      I         d3d_disp.cpp:1427 d3d_display_thread_proc          [   0.45864] Normal window.
d3d      I         d3d_disp.cpp:788  d3d_create_device                [   0.47601] Chose depth stencil format 75
d3d      D         d3d_disp.cpp:820  d3d_create_device                [   0.48152] trying D3DCREATE_SOFTWARE_VERTEXPROCESSING
d3d      D         d3d_disp.cpp:825  d3d_create_device                [   0.48181] trying D3DDEVTYPE_REF
d3d      D         d3d_disp.cpp:830  d3d_create_device                [   0.48735] trying D3DDEVTYPE_REF|D3DCREATE_SOFTWARE_VERTEXPROCESSING
d3d      E         d3d_disp.cpp:836  d3d_create_device                [   0.49259] CreateDevice failed: D3DERR_INVALIDCALL
d3d      I         d3d_disp.cpp:915  d3d_destroy_display              [   0.49285] destroying display 011EB258 (current 00000000)
d3d      D         d3d_disp.cpp:899  d3d_destroy_display_internals    [   0.49310] waiting for display 011EB258's thread to end
d3d      D         d3d_disp.cpp:1705 d3d_create_display_internals     [   0.49325] Resumed after wait.
d3d      I         d3d_disp.cpp:1713 d3d_create_display_internals     [   0.49340] Format 5 failed.
d3d      D         d3d_disp.cpp:1721 d3d_create_display_internals     [   0.49813] d3d_display = 0124CA68
d3d      D         d3d_disp.cpp:1722 d3d_create_display_internals     [   0.49831] win_display = 0124CA68
d3d      D         d3d_disp.cpp:1723 d3d_create_display_internals     [   0.49876] al_display  = 0124CA68
d3d      D         d3d_disp.cpp:1682 d3d_create_display_internals     [   0.49898] Trying format 62.
d3d      I         d3d_disp.cpp:1358 d3d_display_thread_proc          [   0.50091] Chose a display format: 13
d3d      I         d3d_disp.cpp:1427 d3d_display_thread_proc          [   0.50107] Normal window.
d3d      I         d3d_disp.cpp:788  d3d_create_device                [   0.52412] Chose depth stencil format 77
d3d      D         d3d_disp.cpp:820  d3d_create_device                [   0.53125] trying D3DCREATE_SOFTWARE_VERTEXPROCESSING
d3d      D         d3d_disp.cpp:825  d3d_create_device                [   0.53168] trying D3DDEVTYPE_REF
d3d      D         d3d_disp.cpp:830  d3d_create_device                [   0.53722] trying D3DDEVTYPE_REF|D3DCREATE_SOFTWARE_VERTEXPROCESSING
d3d      E         d3d_disp.cpp:836  d3d_create_device                [   0.54285] CreateDevice failed: D3DERR_INVALIDCALL
d3d      I         d3d_disp.cpp:915  d3d_destroy_display              [   0.54311] destroying display 0124CA68 (current 00000000)
d3d      D         d3d_disp.cpp:899  d3d_destroy_display_internals    [   0.54342] waiting for display 0124CA68's thread to end
d3d      D         d3d_disp.cpp:1705 d3d_create_display_internals     [   0.54362] Resumed after wait.
d3d      I         d3d_disp.cpp:1713 d3d_create_display_internals     [   0.54379] Format 6 failed.
d3d      D         d3d_disp.cpp:1721 d3d_create_display_internals     [   0.54893] d3d_display = 0124CA68
d3d      D         d3d_disp.cpp:1722 d3d_create_display_internals     [   0.54915] win_display = 0124CA68
d3d      D         d3d_disp.cpp:1723 d3d_create_display_internals     [   0.54958] al_display  = 0124CA68
d3d      D         d3d_disp.cpp:1682 d3d_create_display_internals     [   0.54975] Trying format 71.
d3d      I         d3d_disp.cpp:1358 d3d_display_thread_proc          [   0.55162] Chose a display format: 13
d3d      I         d3d_disp.cpp:1427 d3d_display_thread_proc          [   0.55180] Normal window.
d3d      I         d3d_disp.cpp:788  d3d_create_device                [   0.57353] Chose depth stencil format 80
d3d      D         d3d_disp.cpp:820  d3d_create_device                [   0.57955] trying D3DCREATE_SOFTWARE_VERTEXPROCESSING
d3d      D         d3d_disp.cpp:825  d3d_create_device                [   0.57982] trying D3DDEVTYPE_REF
d3d      D         d3d_disp.cpp:830  d3d_create_device                [   0.58492] trying D3DDEVTYPE_REF|D3DCREATE_SOFTWARE_VERTEXPROCESSING
d3d      E         d3d_disp.cpp:836  d3d_create_device                [   0.59095] CreateDevice failed: D3DERR_INVALIDCALL
d3d      I         d3d_disp.cpp:915  d3d_destroy_display              [   0.59123] destroying display 0124CA68 (current 00000000)
d3d      D         d3d_disp.cpp:899  d3d_destroy_display_internals    [   0.59145] waiting for display 0124CA68's thread to end
d3d      D         d3d_disp.cpp:1705 d3d_create_display_internals     [   0.59162] Resumed after wait.
d3d      I         d3d_disp.cpp:1713 d3d_create_display_internals     [   0.59186] Format 7 failed.
d3d      D         d3d_disp.cpp:1721 d3d_create_display_internals     [   0.59722] d3d_display = 0124CA68
d3d      D         d3d_disp.cpp:1722 d3d_create_display_internals     [   0.59746] win_display = 0124CA68
d3d      D         d3d_disp.cpp:1723 d3d_create_display_internals     [   0.59763] al_display  = 0124CA68
d3d      D         d3d_disp.cpp:1682 d3d_create_display_internals     [   0.59811] Trying format 7.
d3d      I         d3d_disp.cpp:1358 d3d_display_thread_proc          [   0.60045] Chose a display format: 23
d3d      I         d3d_disp.cpp:1427 d3d_display_thread_proc          [   0.60070] Normal window.
d3d      I         d3d_disp.cpp:791  d3d_create_device                [   0.62093] Using no depth stencil buffer
d3d      D         d3d_disp.cpp:853  d3d_create_device                [   0.66863] BeginScene succeeded in create_device
d3d      D         d3d_disp.cpp:861  d3d_create_device                [   0.66890] Success
d3d      D         d3d_disp.cpp:1705 d3d_create_display_internals     [   0.66908] Resumed after wait.
d3d      I         d3d_disp.cpp:1738 d3d_create_display_internals     [   0.66936] Format 7 succeeded.
d3d      D         d3d_disp.cpp:1769 d3d_create_display_internals     [   0.66963] Returning d3d_display: 0124CA68
d3d      D         d3d_disp.cpp:1794 d3d_create_display_locked        [   0.66984] al_display=0124CA68
d3d      D         d3d_disp.cpp:1795 d3d_create_display_locked        [   0.67001] al_display->vt=011BC338
system   D            wsystem.c:819  maybe_parent_dir                 [   0.67127] Also searching E:\Visual\Programs\Go Game\
system   D            wsystem.c:874  _al_win_safe_load_library        [   0.67174] PathFindOnPath found: C:\WINDOWS\system32\d3dx9_43.dll
system   D            wsystem.c:780  load_library_at_path             [   0.67191] Calling LoadLibrary C:\WINDOWS\system32\d3dx9_43.dll
system   I            wsystem.c:783  load_library_at_path             [   0.67551] Loaded C:\WINDOWS\system32\d3dx9_43.dll
d3dx9    I        d3d_d3dx9.cpp:88   _imp_load_d3dx9_module_version   [   0.67582] Module "d3dx9_43.dll" loaded.
dtor     D               dtor.c:196  _al_register_destructor          [   0.67621] added dtor for timer 0123D928, func 7B66196F
dtor     D               dtor.c:196  _al_register_destructor          [   0.67643] added dtor for queue 0115CEF8, func 7B66170D
d3d      I         d3d_disp.cpp:915  d3d_destroy_display              [  11.58416] destroying display 0124CA68 (current 00000000)
d3d      D         d3d_disp.cpp:899  d3d_destroy_display_internals    [  11.58743] waiting for display 0124CA68's thread to end
d3d      W         d3d_disp.cpp:608  d3d_destroy_device               [  11.59678] d3d_destroy_device: ref count not 0
d3d      W         d3d_disp.cpp:608  d3d_destroy_device               [  11.59704] d3d_destroy_device: ref count not 0
d3d      I         d3d_disp.cpp:1562 d3d_display_thread_proc          [  11.60821] d3d display thread exits
dtor     D               dtor.c:116  _al_run_destructors              [  11.61051] calling dtor for queue 0115CEF8, func 7B66170D
dtor     D               dtor.c:227  _al_unregister_destructor        [  11.61140] removed dtor for queue 0115CEF8
dtor     D               dtor.c:116  _al_run_destructors              [  11.61165] calling dtor for timer 0123D928, func 7B66196F
dtor     D               dtor.c:227  _al_unregister_destructor        [  11.61185] removed dtor for timer 0123D928
